Command line:
   Mux_OperB_tb_isim_beh.exe
     -simmode  gui
     -simrunnum  0
     -socket  52121

Wed May 24 19:47:16 2017


 Elaboration Time: 0.078125 sec

 Current Memory Usage: 846.307 Meg

 Total Signals          : 18
 Total Nets             : 110
 Total Signal Drivers   : 9
 Total Blocks           : 3
 Total Primitive Blocks : 2
 Total Processes        : 11
 Total Traceable Variables  : 21
 Total Scalar Nets and Variables : 255
Total Line Count : 26

 Total Simulation Time: 0.15625 sec

 Current Memory Usage: 846.307 Meg

Wed May 24 19:47:33 2017

