Release 14.7 - xst P.20131013 (nt64)
Copyright (c) 1995-2013 Xilinx, Inc.  All rights reserved.
--> Parameter TMPDIR set to xst/projnav.tmp


Total REAL time to Xst completion: 0.00 secs
Total CPU time to Xst completion: 0.23 secs
 
--> Parameter xsthdpdir set to xst


Total REAL time to Xst completion: 0.00 secs
Total CPU time to Xst completion: 0.24 secs
 
--> Reading design: BancoRegistros.prj

TABLE OF CONTENTS
  1) Synthesis Options Summary
  2) HDL Parsing
  3) HDL Elaboration
  4) HDL Synthesis
       4.1) HDL Synthesis Report
  5) Advanced HDL Synthesis
       5.1) Advanced HDL Synthesis Report
  6) Low Level Synthesis
  7) Partition Report
  8) Design Summary
       8.1) Primitive and Black Box Usage
       8.2) Device utilization summary
       8.3) Partition Resource Summary
       8.4) Timing Report
            8.4.1) Clock Information
            8.4.2) Asynchronous Control Signals Information
            8.4.3) Timing Summary
            8.4.4) Timing Details
            8.4.5) Cross Clock Domains Report


=========================================================================
*                      Synthesis Options Summary                        *
=========================================================================
---- Source Parameters
Input File Name                    : "BancoRegistros.prj"
Ignore Synthesis Constraint File   : NO

---- Target Parameters
Output File Name                   : "BancoRegistros"
Output Format                      : NGC
Target Device                      : xc6slx16-3-csg324

---- Source Options
Top Module Name                    : BancoRegistros
Automatic FSM Extraction           : YES
FSM Encoding Algorithm             : Auto
Safe Implementation                : No
FSM Style                          : LUT
RAM Extraction                     : Yes
RAM Style                          : Auto
ROM Extraction                     : Yes
Shift Register Extraction          : YES
ROM Style                          : Auto
Resource Sharing                   : YES
Asynchronous To Synchronous        : NO
Shift Register Minimum Size        : 2
Use DSP Block                      : Auto
Automatic Register Balancing       : No

---- Target Options
LUT Combining                      : Auto
Reduce Control Sets                : Auto
Add IO Buffers                     : YES
Global Maximum Fanout              : 100000
Add Generic Clock Buffer(BUFG)     : 16
Register Duplication               : YES
Optimize Instantiated Primitives   : NO
Use Clock Enable                   : Auto
Use Synchronous Set                : Auto
Use Synchronous Reset              : Auto
Pack IO Registers into IOBs        : Auto
Equivalent register Removal        : YES

---- General Options
Optimization Goal                  : Speed
Optimization Effort                : 1
Power Reduction                    : NO
Keep Hierarchy                     : No
Netlist Hierarchy                  : As_Optimized
RTL Output                         : Yes
Global Optimization                : AllClockNets
Read Cores                         : YES
Write Timing Constraints           : NO
Cross Clock Analysis               : NO
Hierarchy Separator                : /
Bus Delimiter                      : <>
Case Specifier                     : Maintain
Slice Utilization Ratio            : 100
BRAM Utilization Ratio             : 100
DSP48 Utilization Ratio            : 100
Auto BRAM Packing                  : NO
Slice Utilization Ratio Delta      : 5

=========================================================================


=========================================================================
*                          HDL Parsing                                  *
=========================================================================
Analyzing Verilog file "D:\FPGA\P4-TD\Proyecto4\BancoRegistros.v" into library work
Parsing module <BancoRegistros>.

=========================================================================
*                            HDL Elaboration                            *
=========================================================================

Elaborating module <BancoRegistros>.

=========================================================================
*                           HDL Synthesis                               *
=========================================================================

Synthesizing Unit <BancoRegistros>.
    Related source file is "D:\FPGA\P4-TD\Proyecto4\BancoRegistros.v".
    Found 32-bit register for signal <dob>.
    Found 32-bit register for signal <doa>.
    Found 32x32-bit dual-port RAM <Mram_registers> for signal <registers>.
    Summary:
	inferred   2 RAM(s).
	inferred  64 D-type flip-flop(s).
Unit <BancoRegistros> synthesized.

=========================================================================
HDL Synthesis Report

Macro Statistics
# RAMs                                                 : 2
 32x32-bit dual-port RAM                               : 2
# Registers                                            : 2
 32-bit register                                       : 2

=========================================================================

=========================================================================
*                       Advanced HDL Synthesis                          *
=========================================================================


Synthesizing (advanced) Unit <BancoRegistros>.
INFO:Xst:3226 - The RAM <Mram_registers> will be implemented as a BLOCK RAM, absorbing the following register(s): <doa_reg>
    -----------------------------------------------------------------------
    | ram_type           | Block                               |          |
    -----------------------------------------------------------------------
    | Port A                                                              |
    |     aspect ratio   | 32-word x 32-bit                    |          |
    |     mode           | read-first                          |          |
    |     clkA           | connected to signal <clk>           | rise     |
    |     weA            | connected to signal <reg_wr>        | high     |
    |     addrA          | connected to signal <dir_wra>       |          |
    |     diA            | connected to signal <di>            |          |
    -----------------------------------------------------------------------
    | optimization       | speed                               |          |
    -----------------------------------------------------------------------
    | Port B                                                              |
    |     aspect ratio   | 32-word x 32-bit                    |          |
    |     mode           | read-first                          |          |
    |     clkB           | connected to signal <clk>           | rise     |
    |     enB            | connected to signal <reg_rd>        | high     |
    |     addrB          | connected to signal <dir_a>         |          |
    |     doB            | connected to signal <doa>           |          |
    -----------------------------------------------------------------------
    | optimization       | speed                               |          |
    -----------------------------------------------------------------------
INFO:Xst:3226 - The RAM <Mram_registers1> will be implemented as a BLOCK RAM, absorbing the following register(s): <dob_reg>
    -----------------------------------------------------------------------
    | ram_type           | Block                               |          |
    -----------------------------------------------------------------------
    | Port A                                                              |
    |     aspect ratio   | 32-word x 32-bit                    |          |
    |     mode           | read-first                          |          |
    |     clkA           | connected to signal <clk>           | rise     |
    |     weA            | connected to signal <reg_wr>        | high     |
    |     addrA          | connected to signal <dir_wra>       |          |
    |     diA            | connected to signal <di>            |          |
    -----------------------------------------------------------------------
    | optimization       | speed                               |          |
    -----------------------------------------------------------------------
    | Port B                                                              |
    |     aspect ratio   | 32-word x 32-bit                    |          |
    |     mode           | read-first                          |          |
    |     clkB           | connected to signal <clk>           | rise     |
    |     enB            | connected to signal <reg_rd>        | high     |
    |     addrB          | connected to signal <dir_b>         |          |
    |     doB            | connected to signal <dob>           |          |
    -----------------------------------------------------------------------
    | optimization       | speed                               |          |
    -----------------------------------------------------------------------
Unit <BancoRegistros> synthesized (advanced).

=========================================================================
Advanced HDL Synthesis Report

Macro Statistics
# RAMs                                                 : 2
 32x32-bit dual-port block RAM                         : 2

=========================================================================

=========================================================================
*                         Low Level Synthesis                           *
=========================================================================

Optimizing unit <BancoRegistros> ...

Mapping all equations...
Building and optimizing final netlist ...
Found area constraint ratio of 100 (+ 5) on block BancoRegistros, actual ratio is 0.

Final Macro Processing ...

=========================================================================
Final Register Report

Found no macro
=========================================================================

=========================================================================
*                           Partition Report                            *
=========================================================================

Partition Implementation Status
-------------------------------

  No Partitions were found in this design.

-------------------------------

=========================================================================
*                            Design Summary                             *
=========================================================================

Top Level Output File Name         : BancoRegistros.ngc

Primitive and Black Box Usage:
------------------------------
# BELS                             : 2
#      GND                         : 1
#      VCC                         : 1
# RAMS                             : 2
#      RAMB8BWER                   : 2
# Clock Buffers                    : 1
#      BUFGP                       : 1
# IO Buffers                       : 113
#      IBUF                        : 49
#      OBUF                        : 64

Device utilization summary:
---------------------------

Selected Device : 6slx16csg324-3 


Slice Logic Utilization: 

Slice Logic Distribution: 
 Number of LUT Flip Flop pairs used:      0
   Number with an unused Flip Flop:       0  out of      0         
   Number with an unused LUT:             0  out of      0         
   Number of fully used LUT-FF pairs:     0  out of      0         
   Number of unique control sets:         0

IO Utilization: 
 Number of IOs:                         114
 Number of bonded IOBs:                 114  out of    232    49%  

Specific Feature Utilization:
 Number of Block RAM/FIFO:                1  out of     32     3%  
    Number using Block RAM only:          1
 Number of BUFG/BUFGCTRLs:                1  out of     16     6%  

---------------------------
Partition Resource Summary:
---------------------------

  No Partitions were found in this design.

---------------------------


=========================================================================
Timing Report

NOTE: THESE TIMING NUMBERS ARE ONLY A SYNTHESIS ESTIMATE.
      FOR ACCURATE TIMING INFORMATION PLEASE REFER TO THE TRACE REPORT
      GENERATED AFTER PLACE-and-ROUTE.

Clock Information:
------------------
-----------------------------------+------------------------+-------+
Clock Signal                       | Clock buffer(FF name)  | Load  |
-----------------------------------+------------------------+-------+
clk                                | BUFGP                  | 2     |
-----------------------------------+------------------------+-------+

Asynchronous Control Signals Information:
----------------------------------------
No asynchronous control signals found in this design

Timing Summary:
---------------
Speed Grade: -3

   Minimum period: No path found
   Minimum input arrival time before clock: 2.274ns
   Maximum output required time after clock: 5.000ns
   Maximum combinational path delay: No path found

Timing Details:
---------------
All values displayed in nanoseconds (ns)

=========================================================================
Timing constraint: Default OFFSET IN BEFORE for Clock 'clk'
  Total number of paths / destination ports: 94 / 94
-------------------------------------------------------------------------
Offset:              2.274ns (Levels of Logic = 1)
  Source:            reg_wr (PAD)
  Destination:       Mram_registers (RAM)
  Destination Clock: clk rising

  Data Path: reg_wr to Mram_registers
                                Gate     Net
    Cell:in->out      fanout   Delay   Delay  Logical Name (Net Name)
    ----------------------------------------  ------------
     IBUF:I->O             8   1.222   0.802  reg_wr_IBUF (reg_wr_IBUF)
     RAMB8BWER:WEAWEL0         0.250          Mram_registers
    ----------------------------------------
    Total                      2.274ns (1.472ns logic, 0.802ns route)
                                       (64.7% logic, 35.3% route)

=========================================================================
Timing constraint: Default OFFSET OUT AFTER for Clock 'clk'
  Total number of paths / destination ports: 64 / 64
-------------------------------------------------------------------------
Offset:              5.000ns (Levels of Logic = 1)
  Source:            Mram_registers (RAM)
  Destination:       doa<31> (PAD)
  Source Clock:      clk rising

  Data Path: Mram_registers to doa<31>
                                Gate     Net
    Cell:in->out      fanout   Delay   Delay  Logical Name (Net Name)
    ----------------------------------------  ------------
     RAMB8BWER:CLKBRDCLK->DOBDO15    1   1.850   0.579  Mram_registers (doa_31_OBUF)
     OBUF:I->O                 2.571          doa_31_OBUF (doa<31>)
    ----------------------------------------
    Total                      5.000ns (4.421ns logic, 0.579ns route)
                                       (88.4% logic, 11.6% route)

=========================================================================

Cross Clock Domains Report:
--------------------------

=========================================================================


Total REAL time to Xst completion: 13.00 secs
Total CPU time to Xst completion: 13.04 secs
 
--> 

Total memory usage is 282800 kilobytes

Number of errors   :    0 (   0 filtered)
Number of warnings :    0 (   0 filtered)
Number of infos    :    2 (   0 filtered)

