Release 14.7 - xst P.20131013 (nt64)
Copyright (c) 1995-2013 Xilinx, Inc.  All rights reserved.
--> Parameter TMPDIR set to xst/projnav.tmp


Total REAL time to Xst completion: 1.00 secs
Total CPU time to Xst completion: 0.28 secs
 
--> Parameter xsthdpdir set to xst


Total REAL time to Xst completion: 1.00 secs
Total CPU time to Xst completion: 0.29 secs
 
--> Reading design: main.prj

TABLE OF CONTENTS
  1) Synthesis Options Summary
  2) HDL Parsing
  3) HDL Elaboration
  4) HDL Synthesis
       4.1) HDL Synthesis Report
  5) Advanced HDL Synthesis
       5.1) Advanced HDL Synthesis Report
  6) Low Level Synthesis
  7) Partition Report
  8) Design Summary
       8.1) Primitive and Black Box Usage
       8.2) Device utilization summary
       8.3) Partition Resource Summary
       8.4) Timing Report
            8.4.1) Clock Information
            8.4.2) Asynchronous Control Signals Information
            8.4.3) Timing Summary
            8.4.4) Timing Details
            8.4.5) Cross Clock Domains Report


=========================================================================
*                      Synthesis Options Summary                        *
=========================================================================
---- Source Parameters
Input File Name                    : "main.prj"
Ignore Synthesis Constraint File   : NO

---- Target Parameters
Output File Name                   : "main"
Output Format                      : NGC
Target Device                      : xc6slx16-3-csg324

---- Source Options
Top Module Name                    : main
Automatic FSM Extraction           : YES
FSM Encoding Algorithm             : Auto
Safe Implementation                : No
FSM Style                          : LUT
RAM Extraction                     : Yes
RAM Style                          : Auto
ROM Extraction                     : Yes
Shift Register Extraction          : YES
ROM Style                          : Auto
Resource Sharing                   : YES
Asynchronous To Synchronous        : NO
Shift Register Minimum Size        : 2
Use DSP Block                      : Auto
Automatic Register Balancing       : No

---- Target Options
LUT Combining                      : Auto
Reduce Control Sets                : Auto
Add IO Buffers                     : YES
Global Maximum Fanout              : 100000
Add Generic Clock Buffer(BUFG)     : 16
Register Duplication               : YES
Optimize Instantiated Primitives   : NO
Use Clock Enable                   : Auto
Use Synchronous Set                : Auto
Use Synchronous Reset              : Auto
Pack IO Registers into IOBs        : Auto
Equivalent register Removal        : YES

---- General Options
Optimization Goal                  : Speed
Optimization Effort                : 1
Power Reduction                    : NO
Keep Hierarchy                     : No
Netlist Hierarchy                  : As_Optimized
RTL Output                         : Yes
Global Optimization                : AllClockNets
Read Cores                         : YES
Write Timing Constraints           : NO
Cross Clock Analysis               : NO
Hierarchy Separator                : /
Bus Delimiter                      : <>
Case Specifier                     : Maintain
Slice Utilization Ratio            : 100
BRAM Utilization Ratio             : 100
DSP48 Utilization Ratio            : 100
Auto BRAM Packing                  : NO
Slice Utilization Ratio Delta      : 5

=========================================================================


=========================================================================
*                          HDL Parsing                                  *
=========================================================================
Analyzing Verilog file "D:\FPGA\P4-TD\Proyecto4\RegPC.v" into library work
Parsing module <RegPC>.
Analyzing Verilog file "D:\FPGA\P4-TD\Proyecto4\RegMemoria.v" into library work
Parsing module <RegMemoria>.
Analyzing Verilog file "D:\FPGA\P4-TD\Proyecto4\RegInstruccion.v" into library work
Parsing module <RegInstruccion>.
Analyzing Verilog file "D:\FPGA\P4-TD\Proyecto4\RegB.v" into library work
Parsing module <RegB>.
Analyzing Verilog file "D:\FPGA\P4-TD\Proyecto4\RegALU.v" into library work
Parsing module <RegALU>.
Analyzing Verilog file "D:\FPGA\P4-TD\Proyecto4\RegAB.v" into library work
Parsing module <RegA>.
Analyzing Verilog file "D:\FPGA\P4-TD\Proyecto4\Mux_Sel_PC.v" into library work
Parsing module <Mux_Sel_PC>.
Analyzing Verilog file "D:\FPGA\P4-TD\Proyecto4\Mux_Sel_Dir.v" into library work
Parsing module <Mux_Sel_Dir>.
Analyzing Verilog file "D:\FPGA\P4-TD\Proyecto4\Mux_Sel_Dest.v" into library work
Parsing module <Mux_Sel_Dest>.
Analyzing Verilog file "D:\FPGA\P4-TD\Proyecto4\Mux_Sel_Dat.v" into library work
Parsing module <Mux_Sel_Dat>.
Analyzing Verilog file "D:\FPGA\P4-TD\Proyecto4\Mux_OperB.v" into library work
Parsing module <Mux_OperB>.
Analyzing Verilog file "D:\FPGA\P4-TD\Proyecto4\Mux_OperA.v" into library work
Parsing module <Mux_OperA>.
Analyzing Verilog file "D:\FPGA\P4-TD\Proyecto4\ExtensionSigno.v" into library work
Parsing module <ExtensionSigno>.
Analyzing Verilog file "D:\FPGA\P4-TD\Proyecto4\ExtensionCero.v" into library work
Parsing module <ExtensionCero>.
Analyzing Verilog file "D:\FPGA\P4-TD\Proyecto4\Desplazamiento_pc.v" into library work
Parsing module <Desplazamiento_jumpAddress>.
Analyzing Verilog file "D:\FPGA\P4-TD\Proyecto4\Desplazamiento_imm.v" into library work
Parsing module <Desplazamiento_imm>.
Analyzing Verilog file "D:\FPGA\P4-TD\Proyecto4\Concatenacion.v" into library work
Parsing module <Concatenacion>.
Analyzing Verilog file "D:\FPGA\P4-TD\Proyecto4\BancoRegistros.v" into library work
Parsing module <BancoRegistros>.
Analyzing Verilog file "D:\FPGA\P4-TD\Proyecto4\alu.v" into library work
Parsing module <alu>.
Analyzing Verilog file "D:\FPGA\P4-TD\Proyecto4\seg7decimal.v" into library work
Parsing module <seg7decimal>.
Analyzing Verilog file "D:\FPGA\P4-TD\Proyecto4\MIPS.v" into library work
Parsing module <MIPS>.
Analyzing Verilog file "D:\FPGA\P4-TD\Proyecto4\Memoria.v" into library work
Parsing module <Memoria>.
Analyzing Verilog file "D:\FPGA\P4-TD\Proyecto4\main.v" into library work
Parsing module <main>.

=========================================================================
*                            HDL Elaboration                            *
=========================================================================

Elaborating module <main>.

Elaborating module <MIPS>.

Elaborating module <RegPC>.

Elaborating module <Mux_Sel_Dir>.

Elaborating module <RegInstruccion>.

Elaborating module <Mux_Sel_PC>.

Elaborating module <Mux_OperA>.

Elaborating module <Mux_OperB>.

Elaborating module <alu>.
WARNING:HDLCompiler:1127 - "D:\FPGA\P4-TD\Proyecto4\MIPS.v" Line 136: Assignment to carry_alu ignored, since the identifier is never used
WARNING:HDLCompiler:1127 - "D:\FPGA\P4-TD\Proyecto4\MIPS.v" Line 137: Assignment to zero_alu ignored, since the identifier is never used
WARNING:HDLCompiler:1127 - "D:\FPGA\P4-TD\Proyecto4\MIPS.v" Line 138: Assignment to negative_alu ignored, since the identifier is never used

Elaborating module <Mux_Sel_Dest>.

Elaborating module <ExtensionCero>.
WARNING:HDLCompiler:1127 - "D:\FPGA\P4-TD\Proyecto4\MIPS.v" Line 152: Assignment to extCero_out ignored, since the identifier is never used

Elaborating module <ExtensionSigno>.

Elaborating module <RegA>.

Elaborating module <RegB>.

Elaborating module <Desplazamiento_imm>.

Elaborating module <Desplazamiento_jumpAddress>.

Elaborating module <Concatenacion>.

Elaborating module <BancoRegistros>.

Elaborating module <RegALU>.

Elaborating module <RegMemoria>.

Elaborating module <Mux_Sel_Dat>.

Elaborating module <Memoria>.
WARNING:HDLCompiler:413 - "D:\FPGA\P4-TD\Proyecto4\Memoria.v" Line 80: Result of 30-bit expression is truncated to fit in 6-bit target.
WARNING:HDLCompiler:413 - "D:\FPGA\P4-TD\Proyecto4\Memoria.v" Line 91: Result of 30-bit expression is truncated to fit in 6-bit target.
WARNING:HDLCompiler:1127 - "D:\FPGA\P4-TD\Proyecto4\main.v" Line 68: Assignment to resultMemory ignored, since the identifier is never used

Elaborating module <seg7decimal>.
WARNING:HDLCompiler:634 - "D:\FPGA\P4-TD\Proyecto4\main.v" Line 32: Net <mem_wr_NumberOne> does not have a driver.
WARNING:HDLCompiler:634 - "D:\FPGA\P4-TD\Proyecto4\main.v" Line 33: Net <mem_rd_result> does not have a driver.
WARNING:HDLCompiler:634 - "D:\FPGA\P4-TD\Proyecto4\main.v" Line 35: Net <numberOne[31]> does not have a driver.
WARNING:Xst:2972 - "D:\FPGA\P4-TD\Proyecto4\MIPS.v" line 150. All outputs of instance <extCeero> of block <ExtensionCero> are unconnected in block <MIPS>. Underlying logic will be removed.
WARNING:Xst:2972 - "D:\FPGA\P4-TD\Proyecto4\main.v" line 44. All outputs of instance <micro> of block <MIPS> are unconnected in block <main>. Underlying logic will be removed.
WARNING:Xst:2972 - "D:\FPGA\P4-TD\Proyecto4\main.v" line 54. All outputs of instance <mem> of block <Memoria> are unconnected in block <main>. Underlying logic will be removed.

=========================================================================
*                           HDL Synthesis                               *
=========================================================================

Synthesizing Unit <main>.
    Related source file is "D:\FPGA\P4-TD\Proyecto4\main.v".
WARNING:Xst:647 - Input <kclk> is never used. This port will be preserved and left unconnected if it belongs to a top-level block or it belongs to a sub-block and the hierarchy of this sub-block is preserved.
WARNING:Xst:647 - Input <kdata> is never used. This port will be preserved and left unconnected if it belongs to a top-level block or it belongs to a sub-block and the hierarchy of this sub-block is preserved.
INFO:Xst:3210 - "D:\FPGA\P4-TD\Proyecto4\main.v" line 54: Output port <result_output> of the instance <mem> is unconnected or connected to loadless signal.
WARNING:Xst:653 - Signal <numberOne> is used but never assigned. This sourceless signal will be automatically connected to value GND.
WARNING:Xst:653 - Signal <operation> is used but never assigned. This sourceless signal will be automatically connected to value GND.
WARNING:Xst:653 - Signal <output_numberBCD> is used but never assigned. This sourceless signal will be automatically connected to value GND.
WARNING:Xst:653 - Signal <numberTwo> is used but never assigned. This sourceless signal will be automatically connected to value GND.
WARNING:Xst:653 - Signal <mem_wr_NumberOne> is used but never assigned. This sourceless signal will be automatically connected to value GND.
WARNING:Xst:653 - Signal <mem_wr_Product> is used but never assigned. This sourceless signal will be automatically connected to value GND.
WARNING:Xst:653 - Signal <mem_wr_NumberTwo> is used but never assigned. This sourceless signal will be automatically connected to value GND.
WARNING:Xst:653 - Signal <mem_rd_result> is used but never assigned. This sourceless signal will be automatically connected to value GND.
    Summary:
	no macro.
Unit <main> synthesized.

Synthesizing Unit <RegPC>.
    Related source file is "D:\FPGA\P4-TD\Proyecto4\RegPC.v".
    Found 1-bit register for signal <pc_reg<31>>.
    Found 1-bit register for signal <pc_reg<30>>.
    Found 1-bit register for signal <pc_reg<29>>.
    Found 1-bit register for signal <pc_reg<28>>.
    Found 1-bit register for signal <pc_reg<27>>.
    Found 1-bit register for signal <pc_reg<26>>.
    Found 1-bit register for signal <pc_reg<25>>.
    Found 1-bit register for signal <pc_reg<24>>.
    Found 1-bit register for signal <pc_reg<23>>.
    Found 1-bit register for signal <pc_reg<22>>.
    Found 1-bit register for signal <pc_reg<21>>.
    Found 1-bit register for signal <pc_reg<20>>.
    Found 1-bit register for signal <pc_reg<19>>.
    Found 1-bit register for signal <pc_reg<18>>.
    Found 1-bit register for signal <pc_reg<17>>.
    Found 1-bit register for signal <pc_reg<16>>.
    Found 1-bit register for signal <pc_reg<15>>.
    Found 1-bit register for signal <pc_reg<14>>.
    Found 1-bit register for signal <pc_reg<13>>.
    Found 1-bit register for signal <pc_reg<12>>.
    Found 1-bit register for signal <pc_reg<11>>.
    Found 1-bit register for signal <pc_reg<10>>.
    Found 1-bit register for signal <pc_reg<9>>.
    Found 1-bit register for signal <pc_reg<8>>.
    Found 1-bit register for signal <pc_reg<7>>.
    Found 1-bit register for signal <pc_reg<6>>.
    Found 1-bit register for signal <pc_reg<5>>.
    Found 1-bit register for signal <pc_reg<4>>.
    Found 1-bit register for signal <pc_reg<3>>.
    Found 1-bit register for signal <pc_reg<2>>.
    Found 1-bit register for signal <pc_reg<1>>.
    Found 1-bit register for signal <pc_reg<0>>.
    Summary:
	inferred  32 D-type flip-flop(s).
Unit <RegPC> synthesized.

Synthesizing Unit <Mux_Sel_Dir>.
    Related source file is "D:\FPGA\P4-TD\Proyecto4\Mux_Sel_Dir.v".
    Summary:
	no macro.
Unit <Mux_Sel_Dir> synthesized.

Synthesizing Unit <RegInstruccion>.
    Related source file is "D:\FPGA\P4-TD\Proyecto4\RegInstruccion.v".
    Found 1-bit register for signal <jumpAddress_reg<25>>.
    Found 1-bit register for signal <jumpAddress_reg<24>>.
    Found 1-bit register for signal <jumpAddress_reg<23>>.
    Found 1-bit register for signal <jumpAddress_reg<22>>.
    Found 1-bit register for signal <jumpAddress_reg<21>>.
    Found 1-bit register for signal <jumpAddress_reg<20>>.
    Found 1-bit register for signal <jumpAddress_reg<19>>.
    Found 1-bit register for signal <jumpAddress_reg<18>>.
    Found 1-bit register for signal <jumpAddress_reg<17>>.
    Found 1-bit register for signal <jumpAddress_reg<16>>.
    Found 1-bit register for signal <jumpAddress_reg<15>>.
    Found 1-bit register for signal <jumpAddress_reg<14>>.
    Found 1-bit register for signal <jumpAddress_reg<13>>.
    Found 1-bit register for signal <jumpAddress_reg<12>>.
    Found 1-bit register for signal <jumpAddress_reg<11>>.
    Found 1-bit register for signal <jumpAddress_reg<10>>.
    Found 1-bit register for signal <jumpAddress_reg<9>>.
    Found 1-bit register for signal <jumpAddress_reg<8>>.
    Found 1-bit register for signal <jumpAddress_reg<7>>.
    Found 1-bit register for signal <jumpAddress_reg<6>>.
    Found 1-bit register for signal <jumpAddress_reg<5>>.
    Found 1-bit register for signal <jumpAddress_reg<4>>.
    Found 1-bit register for signal <jumpAddress_reg<3>>.
    Found 1-bit register for signal <jumpAddress_reg<2>>.
    Found 1-bit register for signal <jumpAddress_reg<1>>.
    Found 1-bit register for signal <jumpAddress_reg<0>>.
    Found 1-bit register for signal <rs_reg<4>>.
    Found 1-bit register for signal <rs_reg<3>>.
    Found 1-bit register for signal <rs_reg<2>>.
    Found 1-bit register for signal <rs_reg<1>>.
    Found 1-bit register for signal <rs_reg<0>>.
    Found 1-bit register for signal <rt_reg<4>>.
    Found 1-bit register for signal <rt_reg<3>>.
    Found 1-bit register for signal <rt_reg<2>>.
    Found 1-bit register for signal <rt_reg<1>>.
    Found 1-bit register for signal <rt_reg<0>>.
    Found 1-bit register for signal <rd_reg<4>>.
    Found 1-bit register for signal <rd_reg<3>>.
    Found 1-bit register for signal <rd_reg<2>>.
    Found 1-bit register for signal <rd_reg<1>>.
    Found 1-bit register for signal <rd_reg<0>>.
    Found 1-bit register for signal <funct_reg<5>>.
    Found 1-bit register for signal <funct_reg<4>>.
    Found 1-bit register for signal <funct_reg<3>>.
    Found 1-bit register for signal <funct_reg<2>>.
    Found 1-bit register for signal <funct_reg<1>>.
    Found 1-bit register for signal <funct_reg<0>>.
    Found 1-bit register for signal <immediate_reg<15>>.
    Found 1-bit register for signal <immediate_reg<14>>.
    Found 1-bit register for signal <immediate_reg<13>>.
    Found 1-bit register for signal <immediate_reg<12>>.
    Found 1-bit register for signal <immediate_reg<11>>.
    Found 1-bit register for signal <immediate_reg<10>>.
    Found 1-bit register for signal <immediate_reg<9>>.
    Found 1-bit register for signal <immediate_reg<8>>.
    Found 1-bit register for signal <immediate_reg<7>>.
    Found 1-bit register for signal <immediate_reg<6>>.
    Found 1-bit register for signal <immediate_reg<5>>.
    Found 1-bit register for signal <immediate_reg<4>>.
    Found 1-bit register for signal <immediate_reg<3>>.
    Found 1-bit register for signal <immediate_reg<2>>.
    Found 1-bit register for signal <immediate_reg<1>>.
    Found 1-bit register for signal <immediate_reg<0>>.
    Found 1-bit register for signal <opcode_reg<5>>.
    Found 1-bit register for signal <opcode_reg<4>>.
    Found 1-bit register for signal <opcode_reg<3>>.
    Found 1-bit register for signal <opcode_reg<2>>.
    Found 1-bit register for signal <opcode_reg<1>>.
    Found 1-bit register for signal <opcode_reg<0>>.
    Summary:
	inferred  69 D-type flip-flop(s).
Unit <RegInstruccion> synthesized.

Synthesizing Unit <Mux_Sel_PC>.
    Related source file is "D:\FPGA\P4-TD\Proyecto4\Mux_Sel_PC.v".
    Summary:
	no macro.
Unit <Mux_Sel_PC> synthesized.

Synthesizing Unit <Mux_OperA>.
    Related source file is "D:\FPGA\P4-TD\Proyecto4\Mux_OperA.v".
    Summary:
	no macro.
Unit <Mux_OperA> synthesized.

Synthesizing Unit <Mux_OperB>.
    Related source file is "D:\FPGA\P4-TD\Proyecto4\Mux_OperB.v".
    Summary:
	no macro.
Unit <Mux_OperB> synthesized.

Synthesizing Unit <alu>.
    Related source file is "D:\FPGA\P4-TD\Proyecto4\alu.v".
    Summary:
	no macro.
Unit <alu> synthesized.

Synthesizing Unit <Mux_Sel_Dest>.
    Related source file is "D:\FPGA\P4-TD\Proyecto4\Mux_Sel_Dest.v".
    Summary:
	no macro.
Unit <Mux_Sel_Dest> synthesized.

Synthesizing Unit <ExtensionSigno>.
    Related source file is "D:\FPGA\P4-TD\Proyecto4\ExtensionSigno.v".
    Summary:
	no macro.
Unit <ExtensionSigno> synthesized.

Synthesizing Unit <RegA>.
    Related source file is "D:\FPGA\P4-TD\Proyecto4\RegAB.v".
    Found 1-bit register for signal <data_output_reg<31>>.
    Found 1-bit register for signal <data_output_reg<30>>.
    Found 1-bit register for signal <data_output_reg<29>>.
    Found 1-bit register for signal <data_output_reg<28>>.
    Found 1-bit register for signal <data_output_reg<27>>.
    Found 1-bit register for signal <data_output_reg<26>>.
    Found 1-bit register for signal <data_output_reg<25>>.
    Found 1-bit register for signal <data_output_reg<24>>.
    Found 1-bit register for signal <data_output_reg<23>>.
    Found 1-bit register for signal <data_output_reg<22>>.
    Found 1-bit register for signal <data_output_reg<21>>.
    Found 1-bit register for signal <data_output_reg<20>>.
    Found 1-bit register for signal <data_output_reg<19>>.
    Found 1-bit register for signal <data_output_reg<18>>.
    Found 1-bit register for signal <data_output_reg<17>>.
    Found 1-bit register for signal <data_output_reg<16>>.
    Found 1-bit register for signal <data_output_reg<15>>.
    Found 1-bit register for signal <data_output_reg<14>>.
    Found 1-bit register for signal <data_output_reg<13>>.
    Found 1-bit register for signal <data_output_reg<12>>.
    Found 1-bit register for signal <data_output_reg<11>>.
    Found 1-bit register for signal <data_output_reg<10>>.
    Found 1-bit register for signal <data_output_reg<9>>.
    Found 1-bit register for signal <data_output_reg<8>>.
    Found 1-bit register for signal <data_output_reg<7>>.
    Found 1-bit register for signal <data_output_reg<6>>.
    Found 1-bit register for signal <data_output_reg<5>>.
    Found 1-bit register for signal <data_output_reg<4>>.
    Found 1-bit register for signal <data_output_reg<3>>.
    Found 1-bit register for signal <data_output_reg<2>>.
    Found 1-bit register for signal <data_output_reg<1>>.
    Found 1-bit register for signal <data_output_reg<0>>.
    Summary:
	inferred  32 D-type flip-flop(s).
Unit <RegA> synthesized.

Synthesizing Unit <RegB>.
    Related source file is "D:\FPGA\P4-TD\Proyecto4\RegB.v".
    Found 1-bit register for signal <data_output_reg<31>>.
    Found 1-bit register for signal <data_output_reg<30>>.
    Found 1-bit register for signal <data_output_reg<29>>.
    Found 1-bit register for signal <data_output_reg<28>>.
    Found 1-bit register for signal <data_output_reg<27>>.
    Found 1-bit register for signal <data_output_reg<26>>.
    Found 1-bit register for signal <data_output_reg<25>>.
    Found 1-bit register for signal <data_output_reg<24>>.
    Found 1-bit register for signal <data_output_reg<23>>.
    Found 1-bit register for signal <data_output_reg<22>>.
    Found 1-bit register for signal <data_output_reg<21>>.
    Found 1-bit register for signal <data_output_reg<20>>.
    Found 1-bit register for signal <data_output_reg<19>>.
    Found 1-bit register for signal <data_output_reg<18>>.
    Found 1-bit register for signal <data_output_reg<17>>.
    Found 1-bit register for signal <data_output_reg<16>>.
    Found 1-bit register for signal <data_output_reg<15>>.
    Found 1-bit register for signal <data_output_reg<14>>.
    Found 1-bit register for signal <data_output_reg<13>>.
    Found 1-bit register for signal <data_output_reg<12>>.
    Found 1-bit register for signal <data_output_reg<11>>.
    Found 1-bit register for signal <data_output_reg<10>>.
    Found 1-bit register for signal <data_output_reg<9>>.
    Found 1-bit register for signal <data_output_reg<8>>.
    Found 1-bit register for signal <data_output_reg<7>>.
    Found 1-bit register for signal <data_output_reg<6>>.
    Found 1-bit register for signal <data_output_reg<5>>.
    Found 1-bit register for signal <data_output_reg<4>>.
    Found 1-bit register for signal <data_output_reg<3>>.
    Found 1-bit register for signal <data_output_reg<2>>.
    Found 1-bit register for signal <data_output_reg<1>>.
    Found 1-bit register for signal <data_output_reg<0>>.
    Summary:
	inferred  32 D-type flip-flop(s).
Unit <RegB> synthesized.

Synthesizing Unit <Desplazamiento_imm>.
    Related source file is "D:\FPGA\P4-TD\Proyecto4\Desplazamiento_imm.v".
WARNING:Xst:647 - Input <immediate<31:30>> is never used. This port will be preserved and left unconnected if it belongs to a top-level block or it belongs to a sub-block and the hierarchy of this sub-block is preserved.
    Summary:
	no macro.
Unit <Desplazamiento_imm> synthesized.

Synthesizing Unit <Desplazamiento_jumpAddress>.
    Related source file is "D:\FPGA\P4-TD\Proyecto4\Desplazamiento_pc.v".
    Summary:
	no macro.
Unit <Desplazamiento_jumpAddress> synthesized.

Synthesizing Unit <Concatenacion>.
    Related source file is "D:\FPGA\P4-TD\Proyecto4\Concatenacion.v".
WARNING:Xst:647 - Input <PC<27:0>> is never used. This port will be preserved and left unconnected if it belongs to a top-level block or it belongs to a sub-block and the hierarchy of this sub-block is preserved.
    Summary:
	no macro.
Unit <Concatenacion> synthesized.

Synthesizing Unit <BancoRegistros>.
    Related source file is "D:\FPGA\P4-TD\Proyecto4\BancoRegistros.v".
    Found 1-bit register for signal <dob_reg<31>>.
    Found 1-bit register for signal <dob_reg<30>>.
    Found 1-bit register for signal <dob_reg<29>>.
    Found 1-bit register for signal <dob_reg<28>>.
    Found 1-bit register for signal <dob_reg<27>>.
    Found 1-bit register for signal <dob_reg<26>>.
    Found 1-bit register for signal <dob_reg<25>>.
    Found 1-bit register for signal <dob_reg<24>>.
    Found 1-bit register for signal <dob_reg<23>>.
    Found 1-bit register for signal <dob_reg<22>>.
    Found 1-bit register for signal <dob_reg<21>>.
    Found 1-bit register for signal <dob_reg<20>>.
    Found 1-bit register for signal <dob_reg<19>>.
    Found 1-bit register for signal <dob_reg<18>>.
    Found 1-bit register for signal <dob_reg<17>>.
    Found 1-bit register for signal <dob_reg<16>>.
    Found 1-bit register for signal <dob_reg<15>>.
    Found 1-bit register for signal <dob_reg<14>>.
    Found 1-bit register for signal <dob_reg<13>>.
    Found 1-bit register for signal <dob_reg<12>>.
    Found 1-bit register for signal <dob_reg<11>>.
    Found 1-bit register for signal <dob_reg<10>>.
    Found 1-bit register for signal <dob_reg<9>>.
    Found 1-bit register for signal <dob_reg<8>>.
    Found 1-bit register for signal <dob_reg<7>>.
    Found 1-bit register for signal <dob_reg<6>>.
    Found 1-bit register for signal <dob_reg<5>>.
    Found 1-bit register for signal <dob_reg<4>>.
    Found 1-bit register for signal <dob_reg<3>>.
    Found 1-bit register for signal <dob_reg<2>>.
    Found 1-bit register for signal <dob_reg<1>>.
    Found 1-bit register for signal <dob_reg<0>>.
    Found 1-bit register for signal <doa_reg<31>>.
    Found 1-bit register for signal <doa_reg<30>>.
    Found 1-bit register for signal <doa_reg<29>>.
    Found 1-bit register for signal <doa_reg<28>>.
    Found 1-bit register for signal <doa_reg<27>>.
    Found 1-bit register for signal <doa_reg<26>>.
    Found 1-bit register for signal <doa_reg<25>>.
    Found 1-bit register for signal <doa_reg<24>>.
    Found 1-bit register for signal <doa_reg<23>>.
    Found 1-bit register for signal <doa_reg<22>>.
    Found 1-bit register for signal <doa_reg<21>>.
    Found 1-bit register for signal <doa_reg<20>>.
    Found 1-bit register for signal <doa_reg<19>>.
    Found 1-bit register for signal <doa_reg<18>>.
    Found 1-bit register for signal <doa_reg<17>>.
    Found 1-bit register for signal <doa_reg<16>>.
    Found 1-bit register for signal <doa_reg<15>>.
    Found 1-bit register for signal <doa_reg<14>>.
    Found 1-bit register for signal <doa_reg<13>>.
    Found 1-bit register for signal <doa_reg<12>>.
    Found 1-bit register for signal <doa_reg<11>>.
    Found 1-bit register for signal <doa_reg<10>>.
    Found 1-bit register for signal <doa_reg<9>>.
    Found 1-bit register for signal <doa_reg<8>>.
    Found 1-bit register for signal <doa_reg<7>>.
    Found 1-bit register for signal <doa_reg<6>>.
    Found 1-bit register for signal <doa_reg<5>>.
    Found 1-bit register for signal <doa_reg<4>>.
    Found 1-bit register for signal <doa_reg<3>>.
    Found 1-bit register for signal <doa_reg<2>>.
    Found 1-bit register for signal <doa_reg<1>>.
    Found 1-bit register for signal <doa_reg<0>>.
    Summary:
	inferred  64 D-type flip-flop(s).
Unit <BancoRegistros> synthesized.

Synthesizing Unit <RegALU>.
    Related source file is "D:\FPGA\P4-TD\Proyecto4\RegALU.v".
    Found 1-bit register for signal <data_output_reg<31>>.
    Found 1-bit register for signal <data_output_reg<30>>.
    Found 1-bit register for signal <data_output_reg<29>>.
    Found 1-bit register for signal <data_output_reg<28>>.
    Found 1-bit register for signal <data_output_reg<27>>.
    Found 1-bit register for signal <data_output_reg<26>>.
    Found 1-bit register for signal <data_output_reg<25>>.
    Found 1-bit register for signal <data_output_reg<24>>.
    Found 1-bit register for signal <data_output_reg<23>>.
    Found 1-bit register for signal <data_output_reg<22>>.
    Found 1-bit register for signal <data_output_reg<21>>.
    Found 1-bit register for signal <data_output_reg<20>>.
    Found 1-bit register for signal <data_output_reg<19>>.
    Found 1-bit register for signal <data_output_reg<18>>.
    Found 1-bit register for signal <data_output_reg<17>>.
    Found 1-bit register for signal <data_output_reg<16>>.
    Found 1-bit register for signal <data_output_reg<15>>.
    Found 1-bit register for signal <data_output_reg<14>>.
    Found 1-bit register for signal <data_output_reg<13>>.
    Found 1-bit register for signal <data_output_reg<12>>.
    Found 1-bit register for signal <data_output_reg<11>>.
    Found 1-bit register for signal <data_output_reg<10>>.
    Found 1-bit register for signal <data_output_reg<9>>.
    Found 1-bit register for signal <data_output_reg<8>>.
    Found 1-bit register for signal <data_output_reg<7>>.
    Found 1-bit register for signal <data_output_reg<6>>.
    Found 1-bit register for signal <data_output_reg<5>>.
    Found 1-bit register for signal <data_output_reg<4>>.
    Found 1-bit register for signal <data_output_reg<3>>.
    Found 1-bit register for signal <data_output_reg<2>>.
    Found 1-bit register for signal <data_output_reg<1>>.
    Found 1-bit register for signal <data_output_reg<0>>.
    Summary:
	inferred  32 D-type flip-flop(s).
Unit <RegALU> synthesized.

Synthesizing Unit <RegMemoria>.
    Related source file is "D:\FPGA\P4-TD\Proyecto4\RegMemoria.v".
    Found 1-bit register for signal <data_output_reg<31>>.
    Found 1-bit register for signal <data_output_reg<30>>.
    Found 1-bit register for signal <data_output_reg<29>>.
    Found 1-bit register for signal <data_output_reg<28>>.
    Found 1-bit register for signal <data_output_reg<27>>.
    Found 1-bit register for signal <data_output_reg<26>>.
    Found 1-bit register for signal <data_output_reg<25>>.
    Found 1-bit register for signal <data_output_reg<24>>.
    Found 1-bit register for signal <data_output_reg<23>>.
    Found 1-bit register for signal <data_output_reg<22>>.
    Found 1-bit register for signal <data_output_reg<21>>.
    Found 1-bit register for signal <data_output_reg<20>>.
    Found 1-bit register for signal <data_output_reg<19>>.
    Found 1-bit register for signal <data_output_reg<18>>.
    Found 1-bit register for signal <data_output_reg<17>>.
    Found 1-bit register for signal <data_output_reg<16>>.
    Found 1-bit register for signal <data_output_reg<15>>.
    Found 1-bit register for signal <data_output_reg<14>>.
    Found 1-bit register for signal <data_output_reg<13>>.
    Found 1-bit register for signal <data_output_reg<12>>.
    Found 1-bit register for signal <data_output_reg<11>>.
    Found 1-bit register for signal <data_output_reg<10>>.
    Found 1-bit register for signal <data_output_reg<9>>.
    Found 1-bit register for signal <data_output_reg<8>>.
    Found 1-bit register for signal <data_output_reg<7>>.
    Found 1-bit register for signal <data_output_reg<6>>.
    Found 1-bit register for signal <data_output_reg<5>>.
    Found 1-bit register for signal <data_output_reg<4>>.
    Found 1-bit register for signal <data_output_reg<3>>.
    Found 1-bit register for signal <data_output_reg<2>>.
    Found 1-bit register for signal <data_output_reg<1>>.
    Found 1-bit register for signal <data_output_reg<0>>.
    Summary:
	inferred  32 D-type flip-flop(s).
Unit <RegMemoria> synthesized.

Synthesizing Unit <Mux_Sel_Dat>.
    Related source file is "D:\FPGA\P4-TD\Proyecto4\Mux_Sel_Dat.v".
    Summary:
	no macro.
Unit <Mux_Sel_Dat> synthesized.

Synthesizing Unit <seg7decimal>.
    Related source file is "D:\FPGA\P4-TD\Proyecto4\seg7decimal.v".
    Found 18-bit register for signal <count>.
    Found 18-bit adder for signal <count[17]_GND_2190_o_add_0_OUT> created at line 46.
    Found 4x4-bit Read Only RAM for signal <an_temp>
    Summary:
	inferred   1 RAM(s).
	inferred   1 Adder/Subtractor(s).
	inferred  18 D-type flip-flop(s).
Unit <seg7decimal> synthesized.

=========================================================================
HDL Synthesis Report

Macro Statistics
# RAMs                                                 : 1
 4x4-bit single-port Read Only RAM                     : 1
# Adders/Subtractors                                   : 1
 18-bit adder                                          : 1
# Registers                                            : 1
 18-bit register                                       : 1

=========================================================================

=========================================================================
*                       Advanced HDL Synthesis                          *
=========================================================================


Synthesizing (advanced) Unit <seg7decimal>.
The following registers are absorbed into counter <count>: 1 register on signal <count>.
INFO:Xst:3218 - HDL ADVISOR - The RAM <Mram_an_temp> will be implemented on LUTs either because you have described an asynchronous read or because of currently unsupported block RAM features. If you have described an asynchronous read, making it synchronous would allow you to take advantage of available block RAM resources, for optimized device usage and improved timings. Please refer to your documentation for coding guidelines.
    -----------------------------------------------------------------------
    | ram_type           | Distributed                         |          |
    -----------------------------------------------------------------------
    | Port A                                                              |
    |     aspect ratio   | 4-word x 4-bit                      |          |
    |     weA            | connected to signal <GND>           | high     |
    |     addrA          | connected to signal <count>         |          |
    |     diA            | connected to signal <GND>           |          |
    |     doA            | connected to signal <an_temp>       |          |
    -----------------------------------------------------------------------
Unit <seg7decimal> synthesized (advanced).

=========================================================================
Advanced HDL Synthesis Report

Macro Statistics
# RAMs                                                 : 1
 4x4-bit single-port distributed Read Only RAM         : 1
# Counters                                             : 1
 18-bit up counter                                     : 1

=========================================================================

=========================================================================
*                         Low Level Synthesis                           *
=========================================================================

Optimizing unit <main> ...

Mapping all equations...
Building and optimizing final netlist ...
Found area constraint ratio of 100 (+ 5) on block main, actual ratio is 0.

Final Macro Processing ...

=========================================================================
Final Register Report

Macro Statistics
# Registers                                            : 18
 Flip-Flops                                            : 18

=========================================================================

=========================================================================
*                           Partition Report                            *
=========================================================================

Partition Implementation Status
-------------------------------

  No Partitions were found in this design.

-------------------------------

=========================================================================
*                            Design Summary                             *
=========================================================================

Top Level Output File Name         : main.ngc

Primitive and Black Box Usage:
------------------------------
# BELS                             : 59
#      GND                         : 1
#      INV                         : 1
#      LUT1                        : 17
#      LUT2                        : 4
#      MUXCY                       : 17
#      VCC                         : 1
#      XORCY                       : 18
# FlipFlops/Latches                : 18
#      FDC                         : 18
# Clock Buffers                    : 1
#      BUFGP                       : 1
# IO Buffers                       : 13
#      IBUF                        : 1
#      OBUF                        : 12

Device utilization summary:
---------------------------

Selected Device : 6slx16csg324-3 


Slice Logic Utilization: 
 Number of Slice Registers:              18  out of  18224     0%  
 Number of Slice LUTs:                   22  out of   9112     0%  
    Number used as Logic:                22  out of   9112     0%  

Slice Logic Distribution: 
 Number of LUT Flip Flop pairs used:     22
   Number with an unused Flip Flop:       4  out of     22    18%  
   Number with an unused LUT:             0  out of     22     0%  
   Number of fully used LUT-FF pairs:    18  out of     22    81%  
   Number of unique control sets:         1

IO Utilization: 
 Number of IOs:                          16
 Number of bonded IOBs:                  14  out of    232     6%  

Specific Feature Utilization:
 Number of BUFG/BUFGCTRLs:                1  out of     16     6%  

---------------------------
Partition Resource Summary:
---------------------------

  No Partitions were found in this design.

---------------------------


=========================================================================
Timing Report

NOTE: THESE TIMING NUMBERS ARE ONLY A SYNTHESIS ESTIMATE.
      FOR ACCURATE TIMING INFORMATION PLEASE REFER TO THE TRACE REPORT
      GENERATED AFTER PLACE-and-ROUTE.

Clock Information:
------------------
-----------------------------------+------------------------+-------+
Clock Signal                       | Clock buffer(FF name)  | Load  |
-----------------------------------+------------------------+-------+
clk                                | BUFGP                  | 18    |
-----------------------------------+------------------------+-------+

Asynchronous Control Signals Information:
----------------------------------------
No asynchronous control signals found in this design

Timing Summary:
---------------
Speed Grade: -3

   Minimum period: 1.990ns (Maximum Frequency: 502.550MHz)
   Minimum input arrival time before clock: 2.701ns
   Maximum output required time after clock: 4.619ns
   Maximum combinational path delay: No path found

Timing Details:
---------------
All values displayed in nanoseconds (ns)

=========================================================================
Timing constraint: Default period analysis for Clock 'clk'
  Clock period: 1.990ns (frequency: 502.550MHz)
  Total number of paths / destination ports: 171 / 18
-------------------------------------------------------------------------
Delay:               1.990ns (Levels of Logic = 19)
  Source:            sevenSeg/count_0 (FF)
  Destination:       sevenSeg/count_17 (FF)
  Source Clock:      clk rising
  Destination Clock: clk rising

  Data Path: sevenSeg/count_0 to sevenSeg/count_17
                                Gate     Net
    Cell:in->out      fanout   Delay   Delay  Logical Name (Net Name)
    ----------------------------------------  ------------
     FDC:C->Q              1   0.447   0.579  sevenSeg/count_0 (sevenSeg/count_0)
     INV:I->O              1   0.206   0.000  sevenSeg/Mcount_count_lut<0>_INV_0 (sevenSeg/Mcount_count_lut<0>)
     MUXCY:S->O            1   0.172   0.000  sevenSeg/Mcount_count_cy<0> (sevenSeg/Mcount_count_cy<0>)
     MUXCY:CI->O           1   0.019   0.000  sevenSeg/Mcount_count_cy<1> (sevenSeg/Mcount_count_cy<1>)
     MUXCY:CI->O           1   0.019   0.000  sevenSeg/Mcount_count_cy<2> (sevenSeg/Mcount_count_cy<2>)
     MUXCY:CI->O           1   0.019   0.000  sevenSeg/Mcount_count_cy<3> (sevenSeg/Mcount_count_cy<3>)
     MUXCY:CI->O           1   0.019   0.000  sevenSeg/Mcount_count_cy<4> (sevenSeg/Mcount_count_cy<4>)
     MUXCY:CI->O           1   0.019   0.000  sevenSeg/Mcount_count_cy<5> (sevenSeg/Mcount_count_cy<5>)
     MUXCY:CI->O           1   0.019   0.000  sevenSeg/Mcount_count_cy<6> (sevenSeg/Mcount_count_cy<6>)
     MUXCY:CI->O           1   0.019   0.000  sevenSeg/Mcount_count_cy<7> (sevenSeg/Mcount_count_cy<7>)
     MUXCY:CI->O           1   0.019   0.000  sevenSeg/Mcount_count_cy<8> (sevenSeg/Mcount_count_cy<8>)
     MUXCY:CI->O           1   0.019   0.000  sevenSeg/Mcount_count_cy<9> (sevenSeg/Mcount_count_cy<9>)
     MUXCY:CI->O           1   0.019   0.000  sevenSeg/Mcount_count_cy<10> (sevenSeg/Mcount_count_cy<10>)
     MUXCY:CI->O           1   0.019   0.000  sevenSeg/Mcount_count_cy<11> (sevenSeg/Mcount_count_cy<11>)
     MUXCY:CI->O           1   0.019   0.000  sevenSeg/Mcount_count_cy<12> (sevenSeg/Mcount_count_cy<12>)
     MUXCY:CI->O           1   0.019   0.000  sevenSeg/Mcount_count_cy<13> (sevenSeg/Mcount_count_cy<13>)
     MUXCY:CI->O           1   0.019   0.000  sevenSeg/Mcount_count_cy<14> (sevenSeg/Mcount_count_cy<14>)
     MUXCY:CI->O           1   0.019   0.000  sevenSeg/Mcount_count_cy<15> (sevenSeg/Mcount_count_cy<15>)
     MUXCY:CI->O           0   0.019   0.000  sevenSeg/Mcount_count_cy<16> (sevenSeg/Mcount_count_cy<16>)
     XORCY:CI->O           1   0.180   0.000  sevenSeg/Mcount_count_xor<17> (Result<17>)
     FDC:D                     0.102          sevenSeg/count_17
    ----------------------------------------
    Total                      1.990ns (1.411ns logic, 0.579ns route)
                                       (70.9% logic, 29.1% route)

=========================================================================
Timing constraint: Default OFFSET IN BEFORE for Clock 'clk'
  Total number of paths / destination ports: 18 / 18
-------------------------------------------------------------------------
Offset:              2.701ns (Levels of Logic = 1)
  Source:            reset (PAD)
  Destination:       sevenSeg/count_0 (FF)
  Destination Clock: clk rising

  Data Path: reset to sevenSeg/count_0
                                Gate     Net
    Cell:in->out      fanout   Delay   Delay  Logical Name (Net Name)
    ----------------------------------------  ------------
     IBUF:I->O            18   1.222   1.049  reset_IBUF (reset_IBUF)
     FDC:CLR                   0.430          sevenSeg/count_0
    ----------------------------------------
    Total                      2.701ns (1.652ns logic, 1.049ns route)
                                       (61.2% logic, 38.8% route)

=========================================================================
Timing constraint: Default OFFSET OUT AFTER for Clock 'clk'
  Total number of paths / destination ports: 8 / 4
-------------------------------------------------------------------------
Offset:              4.619ns (Levels of Logic = 2)
  Source:            sevenSeg/count_16 (FF)
  Destination:       AN<3> (PAD)
  Source Clock:      clk rising

  Data Path: sevenSeg/count_16 to AN<3>
                                Gate     Net
    Cell:in->out      fanout   Delay   Delay  Logical Name (Net Name)
    ----------------------------------------  ------------
     FDC:C->Q              5   0.447   0.819  sevenSeg/count_16 (sevenSeg/count_16)
     LUT2:I0->O            1   0.203   0.579  sevenSeg/Mram_an_temp111 (AN_1_OBUF)
     OBUF:I->O                 2.571          AN_1_OBUF (AN<1>)
    ----------------------------------------
    Total                      4.619ns (3.221ns logic, 1.398ns route)
                                       (69.7% logic, 30.3% route)

=========================================================================

Cross Clock Domains Report:
--------------------------

Clock to Setup on destination clock clk
---------------+---------+---------+---------+---------+
               | Src:Rise| Src:Fall| Src:Rise| Src:Fall|
Source Clock   |Dest:Rise|Dest:Rise|Dest:Fall|Dest:Fall|
---------------+---------+---------+---------+---------+
clk            |    1.990|         |         |         |
---------------+---------+---------+---------+---------+

=========================================================================


Total REAL time to Xst completion: 18.00 secs
Total CPU time to Xst completion: 17.26 secs
 
--> 

Total memory usage is 295168 kilobytes

Number of errors   :    0 (   0 filtered)
Number of warnings :   25 (   0 filtered)
Number of infos    :    2 (   0 filtered)

