--------------------------------------------------------------------------------
Release 14.7 Trace  (nt64)
Copyright (c) 1995-2013 Xilinx, Inc.  All rights reserved.

C:\Xilinx\14.7\ISE_DS\ISE\bin\nt64\unwrapped\trce.exe -intstyle ise -v 3 -s 3
-n 3 -fastpaths -xml main.twx main.ncd -o main.twr main.pcf -ucf main.ucf

Design file:              main.ncd
Physical constraint file: main.pcf
Device,package,speed:     xc6slx16,csg324,C,-3 (PRODUCTION 1.23 2013-10-13)
Report level:             verbose report

Environment Variable      Effect 
--------------------      ------ 
NONE                      No environment variables were set
--------------------------------------------------------------------------------

INFO:Timing:2698 - No timing constraints found, doing default enumeration.
INFO:Timing:3412 - To improve timing, see the Timing Closure User Guide (UG612).
INFO:Timing:2752 - To get complete path coverage, use the unconstrained paths 
   option. All paths that are not constrained will be reported in the 
   unconstrained paths section(s) of the report.
INFO:Timing:3339 - The clock-to-out numbers in this timing report are based on 
   a 50 Ohm transmission line loading model.  For the details of this model, 
   and for more information on accounting for different loading conditions, 
   please see the device datasheet.



Data Sheet report:
-----------------
All values displayed in nanoseconds (ns)

Setup/Hold to clock clk
------------+------------+------------+------------+------------+------------------+--------+
            |Max Setup to|  Process   |Max Hold to |  Process   |                  | Clock  |
Source      | clk (edge) |   Corner   | clk (edge) |   Corner   |Internal Clock(s) | Phase  |
------------+------------+------------+------------+------------+------------------+--------+
reset       |    1.192(R)|      SLOW  |   -0.105(R)|      SLOW  |clk_BUFGP         |   0.000|
------------+------------+------------+------------+------------+------------------+--------+

Clock clk to Pad
------------+-----------------+------------+-----------------+------------+------------------+--------+
            |Max (slowest) clk|  Process   |Min (fastest) clk|  Process   |                  | Clock  |
Destination |  (edge) to PAD  |   Corner   |  (edge) to PAD  |   Corner   |Internal Clock(s) | Phase  |
------------+-----------------+------------+-----------------+------------+------------------+--------+
AN<0>       |         9.422(R)|      SLOW  |         5.192(R)|      FAST  |clk_BUFGP         |   0.000|
AN<1>       |         9.222(R)|      SLOW  |         5.047(R)|      FAST  |clk_BUFGP         |   0.000|
AN<2>       |         9.176(R)|      SLOW  |         5.072(R)|      FAST  |clk_BUFGP         |   0.000|
AN<3>       |         9.127(R)|      SLOW  |         5.049(R)|      FAST  |clk_BUFGP         |   0.000|
SEG<0>      |        14.435(R)|      SLOW  |         5.728(R)|      FAST  |clk_BUFGP         |   0.000|
SEG<1>      |        14.302(R)|      SLOW  |         5.706(R)|      FAST  |clk_BUFGP         |   0.000|
SEG<2>      |        14.987(R)|      SLOW  |         5.649(R)|      FAST  |clk_BUFGP         |   0.000|
SEG<3>      |        14.528(R)|      SLOW  |         5.765(R)|      FAST  |clk_BUFGP         |   0.000|
SEG<4>      |        14.358(R)|      SLOW  |         5.878(R)|      FAST  |clk_BUFGP         |   0.000|
SEG<5>      |        14.967(R)|      SLOW  |         5.987(R)|      FAST  |clk_BUFGP         |   0.000|
SEG<6>      |        15.176(R)|      SLOW  |         5.943(R)|      FAST  |clk_BUFGP         |   0.000|
------------+-----------------+------------+-----------------+------------+------------------+--------+

Clock to Setup on destination clock clk
---------------+---------+---------+---------+---------+
               | Src:Rise| Src:Fall| Src:Rise| Src:Fall|
Source Clock   |Dest:Rise|Dest:Rise|Dest:Fall|Dest:Fall|
---------------+---------+---------+---------+---------+
clk            |    3.863|         |         |         |
---------------+---------+---------+---------+---------+


Analysis completed Thu Jun 08 19:16:57 2017 
--------------------------------------------------------------------------------

Trace Settings:
-------------------------
Trace Settings 

Peak Memory Usage: 249 MB



