Release 14.7 - xst P.20131013 (nt64)
Copyright (c) 1995-2013 Xilinx, Inc.  All rights reserved.
--> Parameter TMPDIR set to xst/projnav.tmp


Total REAL time to Xst completion: 1.00 secs
Total CPU time to Xst completion: 0.39 secs
 
--> Parameter xsthdpdir set to xst


Total REAL time to Xst completion: 1.00 secs
Total CPU time to Xst completion: 0.39 secs
 
--> Reading design: Memoria.prj

TABLE OF CONTENTS
  1) Synthesis Options Summary
  2) HDL Parsing
  3) HDL Elaboration
  4) HDL Synthesis
       4.1) HDL Synthesis Report
  5) Advanced HDL Synthesis
       5.1) Advanced HDL Synthesis Report
  6) Low Level Synthesis
  7) Partition Report
  8) Design Summary
       8.1) Primitive and Black Box Usage
       8.2) Device utilization summary
       8.3) Partition Resource Summary
       8.4) Timing Report
            8.4.1) Clock Information
            8.4.2) Asynchronous Control Signals Information
            8.4.3) Timing Summary
            8.4.4) Timing Details
            8.4.5) Cross Clock Domains Report


=========================================================================
*                      Synthesis Options Summary                        *
=========================================================================
---- Source Parameters
Input File Name                    : "Memoria.prj"
Ignore Synthesis Constraint File   : NO

---- Target Parameters
Output File Name                   : "Memoria"
Output Format                      : NGC
Target Device                      : xc6slx16-3-csg324

---- Source Options
Top Module Name                    : Memoria
Automatic FSM Extraction           : YES
FSM Encoding Algorithm             : Auto
Safe Implementation                : No
FSM Style                          : LUT
RAM Extraction                     : Yes
RAM Style                          : Auto
ROM Extraction                     : Yes
Shift Register Extraction          : YES
ROM Style                          : Auto
Resource Sharing                   : YES
Asynchronous To Synchronous        : NO
Shift Register Minimum Size        : 2
Use DSP Block                      : Auto
Automatic Register Balancing       : No

---- Target Options
LUT Combining                      : Auto
Reduce Control Sets                : Auto
Add IO Buffers                     : YES
Global Maximum Fanout              : 100000
Add Generic Clock Buffer(BUFG)     : 16
Register Duplication               : YES
Optimize Instantiated Primitives   : NO
Use Clock Enable                   : Auto
Use Synchronous Set                : Auto
Use Synchronous Reset              : Auto
Pack IO Registers into IOBs        : Auto
Equivalent register Removal        : YES

---- General Options
Optimization Goal                  : Speed
Optimization Effort                : 1
Power Reduction                    : NO
Keep Hierarchy                     : No
Netlist Hierarchy                  : As_Optimized
RTL Output                         : Yes
Global Optimization                : AllClockNets
Read Cores                         : YES
Write Timing Constraints           : NO
Cross Clock Analysis               : NO
Hierarchy Separator                : /
Bus Delimiter                      : <>
Case Specifier                     : Maintain
Slice Utilization Ratio            : 100
BRAM Utilization Ratio             : 100
DSP48 Utilization Ratio            : 100
Auto BRAM Packing                  : NO
Slice Utilization Ratio Delta      : 5

=========================================================================


=========================================================================
*                          HDL Parsing                                  *
=========================================================================
Analyzing Verilog file "D:\FPGA\P4-TD\Proyecto4\Memoria.v" into library work
Parsing module <Memoria>.

=========================================================================
*                            HDL Elaboration                            *
=========================================================================

Elaborating module <Memoria>.
WARNING:HDLCompiler:413 - "D:\FPGA\P4-TD\Proyecto4\Memoria.v" Line 46: Result of 30-bit expression is truncated to fit in 7-bit target.
WARNING:HDLCompiler:413 - "D:\FPGA\P4-TD\Proyecto4\Memoria.v" Line 53: Result of 30-bit expression is truncated to fit in 7-bit target.

=========================================================================
*                           HDL Synthesis                               *
=========================================================================

Synthesizing Unit <Memoria>.
    Related source file is "D:\FPGA\P4-TD\Proyecto4\Memoria.v".
    Found 64x32-bit dual-port RAM <Mram_memRegFile> for signal <memRegFile>.
    Found 7-bit register for signal <index_rd>.
    Found 32-bit register for signal <data_output>.
    Found 32-bit subtractor for signal <n0020> created at line 53.
    Found 32-bit comparator lessequal for signal <n0005> created at line 53
    Summary:
	inferred   1 RAM(s).
	inferred   1 Adder/Subtractor(s).
	inferred  39 D-type flip-flop(s).
	inferred   1 Comparator(s).
	inferred   2 Multiplexer(s).
Unit <Memoria> synthesized.

=========================================================================
HDL Synthesis Report

Macro Statistics
# RAMs                                                 : 1
 64x32-bit dual-port RAM                               : 1
# Adders/Subtractors                                   : 1
 32-bit subtractor                                     : 1
# Registers                                            : 2
 32-bit register                                       : 1
 7-bit register                                        : 1
# Comparators                                          : 1
 32-bit comparator lessequal                           : 1
# Multiplexers                                         : 2
 7-bit 2-to-1 multiplexer                              : 2

=========================================================================

=========================================================================
*                       Advanced HDL Synthesis                          *
=========================================================================


Synthesizing (advanced) Unit <Memoria>.
INFO:Xst:3226 - The RAM <Mram_memRegFile> will be implemented as a BLOCK RAM, absorbing the following register(s): <data_output_reg>
    -----------------------------------------------------------------------
    | ram_type           | Block                               |          |
    -----------------------------------------------------------------------
    | Port A                                                              |
    |     aspect ratio   | 64-word x 32-bit                    |          |
    |     mode           | write-first                         |          |
    |     clkA           | connected to signal <clk>           | rise     |
    |     weA            | connected to signal <mem_wd>        | high     |
    |     addrA          | connected to signal <n0019>         |          |
    |     diA            | connected to signal <data_input>    |          |
    -----------------------------------------------------------------------
    | optimization       | speed                               |          |
    -----------------------------------------------------------------------
    | Port B                                                              |
    |     aspect ratio   | 64-word x 32-bit                    |          |
    |     mode           | write-first                         |          |
    |     clkB           | connected to signal <clk>           | fall     |
    |     enB            | connected to internal node          | high     |
    |     addrB          | connected to signal <index_rd[6]_dir[31]_mux_9_OUT<5:0>> |          |
    |     doB            | connected to signal <data_output>   |          |
    -----------------------------------------------------------------------
    | optimization       | speed                               |          |
    -----------------------------------------------------------------------
Unit <Memoria> synthesized (advanced).

=========================================================================
Advanced HDL Synthesis Report

Macro Statistics
# RAMs                                                 : 1
 64x32-bit dual-port block RAM                         : 1
# Adders/Subtractors                                   : 1
 9-bit subtractor                                      : 1
# Registers                                            : 7
 Flip-Flops                                            : 7
# Comparators                                          : 1
 32-bit comparator lessequal                           : 1
# Multiplexers                                         : 2
 7-bit 2-to-1 multiplexer                              : 2

=========================================================================

=========================================================================
*                         Low Level Synthesis                           *
=========================================================================
WARNING:Xst:2677 - Node <index_rd_6> of sequential type is unconnected in block <Memoria>.

Optimizing unit <Memoria> ...

Mapping all equations...
Building and optimizing final netlist ...
Found area constraint ratio of 100 (+ 5) on block Memoria, actual ratio is 0.

Final Macro Processing ...

=========================================================================
Final Register Report

Macro Statistics
# Registers                                            : 6
 Flip-Flops                                            : 6

=========================================================================

=========================================================================
*                           Partition Report                            *
=========================================================================

Partition Implementation Status
-------------------------------

  No Partitions were found in this design.

-------------------------------

=========================================================================
*                            Design Summary                             *
=========================================================================

Top Level Output File Name         : Memoria.ngc

Primitive and Black Box Usage:
------------------------------
# BELS                             : 18
#      GND                         : 1
#      INV                         : 1
#      LUT2                        : 7
#      LUT3                        : 6
#      LUT5                        : 1
#      LUT6                        : 1
#      VCC                         : 1
# FlipFlops/Latches                : 6
#      FD_1                        : 6
# RAMS                             : 1
#      RAMB8BWER                   : 1
# Clock Buffers                    : 1
#      BUFGP                       : 1
# IO Buffers                       : 82
#      IBUF                        : 50
#      OBUF                        : 32

Device utilization summary:
---------------------------

Selected Device : 6slx16csg324-3 


Slice Logic Utilization: 
 Number of Slice Registers:               6  out of  18224     0%  
 Number of Slice LUTs:                   16  out of   9112     0%  
    Number used as Logic:                16  out of   9112     0%  

Slice Logic Distribution: 
 Number of LUT Flip Flop pairs used:     16
   Number with an unused Flip Flop:      10  out of     16    62%  
   Number with an unused LUT:             0  out of     16     0%  
   Number of fully used LUT-FF pairs:     6  out of     16    37%  
   Number of unique control sets:         1

IO Utilization: 
 Number of IOs:                          99
 Number of bonded IOBs:                  83  out of    232    35%  

Specific Feature Utilization:
 Number of Block RAM/FIFO:                1  out of     32     3%  
    Number using Block RAM only:          1
 Number of BUFG/BUFGCTRLs:                1  out of     16     6%  

---------------------------
Partition Resource Summary:
---------------------------

  No Partitions were found in this design.

---------------------------


=========================================================================
Timing Report

NOTE: THESE TIMING NUMBERS ARE ONLY A SYNTHESIS ESTIMATE.
      FOR ACCURATE TIMING INFORMATION PLEASE REFER TO THE TRACE REPORT
      GENERATED AFTER PLACE-and-ROUTE.

Clock Information:
------------------
-----------------------------------+------------------------+-------+
Clock Signal                       | Clock buffer(FF name)  | Load  |
-----------------------------------+------------------------+-------+
clk                                | BUFGP                  | 8     |
-----------------------------------+------------------------+-------+

Asynchronous Control Signals Information:
----------------------------------------
No asynchronous control signals found in this design

Timing Summary:
---------------
Speed Grade: -3

   Minimum period: 2.198ns (Maximum Frequency: 454.938MHz)
   Minimum input arrival time before clock: 5.340ns
   Maximum output required time after clock: 5.000ns
   Maximum combinational path delay: No path found

Timing Details:
---------------
All values displayed in nanoseconds (ns)

=========================================================================
Timing constraint: Default period analysis for Clock 'clk'
  Clock period: 2.198ns (frequency: 454.938MHz)
  Total number of paths / destination ports: 12 / 12
-------------------------------------------------------------------------
Delay:               2.198ns (Levels of Logic = 1)
  Source:            index_rd_5 (FF)
  Destination:       Mram_memRegFile (RAM)
  Source Clock:      clk falling
  Destination Clock: clk falling

  Data Path: index_rd_5 to Mram_memRegFile
                                Gate     Net
    Cell:in->out      fanout   Delay   Delay  Logical Name (Net Name)
    ----------------------------------------  ------------
     FD_1:C->Q             1   0.447   0.580  index_rd_5 (index_rd_5)
     LUT3:I2->O            2   0.205   0.616  Mmux_index_rd[6]_dir[31]_mux_9_OUT61 (index_rd[6]_dir[31]_mux_9_OUT<5>)
     RAMB8BWER:ADDRBRDADDR10        0.350          Mram_memRegFile
    ----------------------------------------
    Total                      2.198ns (1.002ns logic, 1.196ns route)
                                       (45.6% logic, 54.4% route)

=========================================================================
Timing constraint: Default OFFSET IN BEFORE for Clock 'clk'
  Total number of paths / destination ports: 245 / 55
-------------------------------------------------------------------------
Offset:              5.340ns (Levels of Logic = 4)
  Source:            dir<26> (PAD)
  Destination:       Mram_memRegFile (RAM)
  Destination Clock: clk falling

  Data Path: dir<26> to Mram_memRegFile
                                Gate     Net
    Cell:in->out      fanout   Delay   Delay  Logical Name (Net Name)
    ----------------------------------------  ------------
     IBUF:I->O             1   1.222   0.924  dir_26_IBUF (dir_26_IBUF)
     LUT5:I0->O            1   0.203   0.580  GND_1_o_dir[31]_LessThan_8_o1_SW0 (N3)
     LUT6:I5->O           13   0.205   1.037  GND_1_o_dir[31]_LessThan_8_o1 (GND_1_o_dir[31]_LessThan_8_o)
     LUT3:I1->O            2   0.203   0.616  Mmux_index_rd[6]_dir[31]_mux_9_OUT61 (index_rd[6]_dir[31]_mux_9_OUT<5>)
     RAMB8BWER:ADDRBRDADDR10        0.350          Mram_memRegFile
    ----------------------------------------
    Total                      5.340ns (2.183ns logic, 3.157ns route)
                                       (40.9% logic, 59.1% route)

=========================================================================
Timing constraint: Default OFFSET OUT AFTER for Clock 'clk'
  Total number of paths / destination ports: 32 / 32
-------------------------------------------------------------------------
Offset:              5.000ns (Levels of Logic = 1)
  Source:            Mram_memRegFile (RAM)
  Destination:       data_output<31> (PAD)
  Source Clock:      clk falling

  Data Path: Mram_memRegFile to data_output<31>
                                Gate     Net
    Cell:in->out      fanout   Delay   Delay  Logical Name (Net Name)
    ----------------------------------------  ------------
     RAMB8BWER:CLKBRDCLK->DOBDO15    1   1.850   0.579  Mram_memRegFile (data_output_31_OBUF)
     OBUF:I->O                 2.571          data_output_31_OBUF (data_output<31>)
    ----------------------------------------
    Total                      5.000ns (4.421ns logic, 0.579ns route)
                                       (88.4% logic, 11.6% route)

=========================================================================

Cross Clock Domains Report:
--------------------------

Clock to Setup on destination clock clk
---------------+---------+---------+---------+---------+
               | Src:Rise| Src:Fall| Src:Rise| Src:Fall|
Source Clock   |Dest:Rise|Dest:Rise|Dest:Fall|Dest:Fall|
---------------+---------+---------+---------+---------+
clk            |         |         |    2.198|         |
---------------+---------+---------+---------+---------+

=========================================================================


Total REAL time to Xst completion: 16.00 secs
Total CPU time to Xst completion: 16.04 secs
 
--> 

Total memory usage is 282804 kilobytes

Number of errors   :    0 (   0 filtered)
Number of warnings :    3 (   0 filtered)
Number of infos    :    1 (   0 filtered)

