Release 14.7 - xst P.20131013 (nt64)
Copyright (c) 1995-2013 Xilinx, Inc.  All rights reserved.
--> Parameter TMPDIR set to xst/projnav.tmp


Total REAL time to Xst completion: 1.00 secs
Total CPU time to Xst completion: 0.44 secs
 
--> Parameter xsthdpdir set to xst


Total REAL time to Xst completion: 1.00 secs
Total CPU time to Xst completion: 0.45 secs
 
--> Reading design: MIPS.prj

TABLE OF CONTENTS
  1) Synthesis Options Summary
  2) HDL Parsing
  3) HDL Elaboration
  4) HDL Synthesis
       4.1) HDL Synthesis Report
  5) Advanced HDL Synthesis
       5.1) Advanced HDL Synthesis Report
  6) Low Level Synthesis
  7) Partition Report
  8) Design Summary
       8.1) Primitive and Black Box Usage
       8.2) Device utilization summary
       8.3) Partition Resource Summary
       8.4) Timing Report
            8.4.1) Clock Information
            8.4.2) Asynchronous Control Signals Information
            8.4.3) Timing Summary
            8.4.4) Timing Details
            8.4.5) Cross Clock Domains Report


=========================================================================
*                      Synthesis Options Summary                        *
=========================================================================
---- Source Parameters
Input File Name                    : "MIPS.prj"
Ignore Synthesis Constraint File   : NO

---- Target Parameters
Output File Name                   : "MIPS"
Output Format                      : NGC
Target Device                      : xc6slx16-3-csg324

---- Source Options
Top Module Name                    : MIPS
Automatic FSM Extraction           : YES
FSM Encoding Algorithm             : Auto
Safe Implementation                : No
FSM Style                          : LUT
RAM Extraction                     : Yes
RAM Style                          : Auto
ROM Extraction                     : Yes
Shift Register Extraction          : YES
ROM Style                          : Auto
Resource Sharing                   : YES
Asynchronous To Synchronous        : NO
Shift Register Minimum Size        : 2
Use DSP Block                      : Auto
Automatic Register Balancing       : No

---- Target Options
LUT Combining                      : Auto
Reduce Control Sets                : Auto
Add IO Buffers                     : YES
Global Maximum Fanout              : 100000
Add Generic Clock Buffer(BUFG)     : 16
Register Duplication               : YES
Optimize Instantiated Primitives   : NO
Use Clock Enable                   : Auto
Use Synchronous Set                : Auto
Use Synchronous Reset              : Auto
Pack IO Registers into IOBs        : Auto
Equivalent register Removal        : YES

---- General Options
Optimization Goal                  : Speed
Optimization Effort                : 1
Power Reduction                    : NO
Keep Hierarchy                     : No
Netlist Hierarchy                  : As_Optimized
RTL Output                         : Yes
Global Optimization                : AllClockNets
Read Cores                         : YES
Write Timing Constraints           : NO
Cross Clock Analysis               : NO
Hierarchy Separator                : /
Bus Delimiter                      : <>
Case Specifier                     : Maintain
Slice Utilization Ratio            : 100
BRAM Utilization Ratio             : 100
DSP48 Utilization Ratio            : 100
Auto BRAM Packing                  : NO
Slice Utilization Ratio Delta      : 5

=========================================================================


=========================================================================
*                          HDL Parsing                                  *
=========================================================================
Analyzing Verilog file "D:\FPGA\P4-TD\Proyecto4\RegPC.v" into library work
Parsing module <RegPC>.
Analyzing Verilog file "D:\FPGA\P4-TD\Proyecto4\RegInstruccion.v" into library work
Parsing module <RegInstruccion>.
Analyzing Verilog file "D:\FPGA\P4-TD\Proyecto4\Mux_Sel_PC.v" into library work
Parsing module <Mux_Sel_PC>.
Analyzing Verilog file "D:\FPGA\P4-TD\Proyecto4\Mux_Sel_Dir.v" into library work
Parsing module <Mux_Sel_Dir>.
Analyzing Verilog file "D:\FPGA\P4-TD\Proyecto4\Mux_OperB.v" into library work
Parsing module <Mux_OperB>.
Analyzing Verilog file "D:\FPGA\P4-TD\Proyecto4\Mux_OperA.v" into library work
Parsing module <Mux_OperA>.
Analyzing Verilog file "D:\FPGA\P4-TD\Proyecto4\alu.v" into library work
Parsing module <alu>.
Analyzing Verilog file "D:\FPGA\P4-TD\Proyecto4\MIPS.v" into library work
Parsing module <MIPS>.

=========================================================================
*                            HDL Elaboration                            *
=========================================================================

Elaborating module <MIPS>.

Elaborating module <RegPC>.

Elaborating module <Mux_Sel_Dir>.
WARNING:HDLCompiler:1127 - "D:\FPGA\P4-TD\Proyecto4\MIPS.v" Line 60: Assignment to muxSelDir_out ignored, since the identifier is never used

Elaborating module <RegInstruccion>.
WARNING:HDLCompiler:1127 - "D:\FPGA\P4-TD\Proyecto4\MIPS.v" Line 67: Assignment to jumpAddress ignored, since the identifier is never used
WARNING:HDLCompiler:1127 - "D:\FPGA\P4-TD\Proyecto4\MIPS.v" Line 68: Assignment to opcode ignored, since the identifier is never used
WARNING:HDLCompiler:1127 - "D:\FPGA\P4-TD\Proyecto4\MIPS.v" Line 69: Assignment to funct ignored, since the identifier is never used
WARNING:HDLCompiler:1127 - "D:\FPGA\P4-TD\Proyecto4\MIPS.v" Line 70: Assignment to rs ignored, since the identifier is never used
WARNING:HDLCompiler:1127 - "D:\FPGA\P4-TD\Proyecto4\MIPS.v" Line 71: Assignment to rt ignored, since the identifier is never used
WARNING:HDLCompiler:1127 - "D:\FPGA\P4-TD\Proyecto4\MIPS.v" Line 72: Assignment to rd ignored, since the identifier is never used
WARNING:HDLCompiler:1127 - "D:\FPGA\P4-TD\Proyecto4\MIPS.v" Line 73: Assignment to immediate ignored, since the identifier is never used

Elaborating module <Mux_Sel_PC>.

Elaborating module <Mux_OperA>.
WARNING:HDLCompiler:872 - "D:\FPGA\P4-TD\Proyecto4\Mux_OperA.v" Line 29: Using initial value of mask4 since it is never assigned
WARNING:HDLCompiler:91 - "D:\FPGA\P4-TD\Proyecto4\Mux_OperA.v" Line 36: Signal <mask4> missing in the sensitivity list is added for synthesis purposes. HDL and post-synthesis simulations may differ as a result.

Elaborating module <Mux_OperB>.

Elaborating module <alu>.
WARNING:HDLCompiler:1127 - "D:\FPGA\P4-TD\Proyecto4\MIPS.v" Line 103: Assignment to carry_alu ignored, since the identifier is never used
WARNING:HDLCompiler:1127 - "D:\FPGA\P4-TD\Proyecto4\MIPS.v" Line 104: Assignment to zero_alu ignored, since the identifier is never used
WARNING:HDLCompiler:1127 - "D:\FPGA\P4-TD\Proyecto4\MIPS.v" Line 105: Assignment to negative_alu ignored, since the identifier is never used
"D:\FPGA\P4-TD\Proyecto4\MIPS.v" Line 122. $display 0
"D:\FPGA\P4-TD\Proyecto4\MIPS.v" Line 126. $display 1
"D:\FPGA\P4-TD\Proyecto4\MIPS.v" Line 130. $display 2
"D:\FPGA\P4-TD\Proyecto4\MIPS.v" Line 134. $display 3
"D:\FPGA\P4-TD\Proyecto4\MIPS.v" Line 138. $display 4
WARNING:HDLCompiler:552 - "D:\FPGA\P4-TD\Proyecto4\MIPS.v" Line 49: Input port pc_ld is not connected on this instance
WARNING:HDLCompiler:552 - "D:\FPGA\P4-TD\Proyecto4\MIPS.v" Line 56: Input port direction[31] is not connected on this instance
WARNING:HDLCompiler:552 - "D:\FPGA\P4-TD\Proyecto4\MIPS.v" Line 63: Input port instruction[31] is not connected on this instance
WARNING:HDLCompiler:552 - "D:\FPGA\P4-TD\Proyecto4\MIPS.v" Line 76: Input port output_reg[31] is not connected on this instance
WARNING:HDLCompiler:552 - "D:\FPGA\P4-TD\Proyecto4\MIPS.v" Line 84: Input port input_number[31] is not connected on this instance
WARNING:HDLCompiler:552 - "D:\FPGA\P4-TD\Proyecto4\MIPS.v" Line 92: Input port input_number[31] is not connected on this instance
WARNING:HDLCompiler:552 - "D:\FPGA\P4-TD\Proyecto4\MIPS.v" Line 99: Input port alu_fun[2] is not connected on this instance
WARNING:Xst:2972 - "D:\FPGA\P4-TD\Proyecto4\MIPS.v" line 49. All outputs of instance <regPC_unit> of block <RegPC> are unconnected in block <MIPS>. Underlying logic will be removed.
WARNING:Xst:2972 - "D:\FPGA\P4-TD\Proyecto4\MIPS.v" line 56. All outputs of instance <muxSelDir> of block <Mux_Sel_Dir> are unconnected in block <MIPS>. Underlying logic will be removed.
WARNING:Xst:2972 - "D:\FPGA\P4-TD\Proyecto4\MIPS.v" line 63. All outputs of instance <regInst_unit> of block <RegInstruccion> are unconnected in block <MIPS>. Underlying logic will be removed.
WARNING:Xst:2972 - "D:\FPGA\P4-TD\Proyecto4\MIPS.v" line 76. All outputs of instance <muxSelPC> of block <Mux_Sel_PC> are unconnected in block <MIPS>. Underlying logic will be removed.
WARNING:Xst:2972 - "D:\FPGA\P4-TD\Proyecto4\MIPS.v" line 84. All outputs of instance <muxOperA> of block <Mux_OperA> are unconnected in block <MIPS>. Underlying logic will be removed.
WARNING:Xst:2972 - "D:\FPGA\P4-TD\Proyecto4\MIPS.v" line 92. All outputs of instance <muxOperB> of block <Mux_OperB> are unconnected in block <MIPS>. Underlying logic will be removed.
WARNING:Xst:2972 - "D:\FPGA\P4-TD\Proyecto4\MIPS.v" line 99. All outputs of instance <alu_unit> of block <alu> are unconnected in block <MIPS>. Underlying logic will be removed.

=========================================================================
*                           HDL Synthesis                               *
=========================================================================

Synthesizing Unit <MIPS>.
    Related source file is "D:\FPGA\P4-TD\Proyecto4\MIPS.v".
WARNING:Xst:2898 - Port 'pc_ld', unconnected in block instance 'regPC_unit', is tied to GND.
WARNING:Xst:2898 - Port 'direction', unconnected in block instance 'muxSelDir', is tied to GND.
WARNING:Xst:2898 - Port 'sel_dir', unconnected in block instance 'muxSelDir', is tied to GND.
WARNING:Xst:2898 - Port 'instruction', unconnected in block instance 'regInst_unit', is tied to GND.
WARNING:Xst:2898 - Port 'ir_w', unconnected in block instance 'regInst_unit', is tied to GND.
WARNING:Xst:2898 - Port 'output_reg', unconnected in block instance 'muxSelPC', is tied to GND.
WARNING:Xst:2898 - Port 'output_concat', unconnected in block instance 'muxSelPC', is tied to GND.
WARNING:Xst:2898 - Port 'sel_pc', unconnected in block instance 'muxSelPC', is tied to GND.
WARNING:Xst:2898 - Port 'input_number', unconnected in block instance 'muxOperA', is tied to GND.
WARNING:Xst:2898 - Port 'immediate_ext', unconnected in block instance 'muxOperA', is tied to GND.
WARNING:Xst:2898 - Port 'immediate_desp', unconnected in block instance 'muxOperA', is tied to GND.
WARNING:Xst:2898 - Port 'sel_operA', unconnected in block instance 'muxOperA', is tied to GND.
WARNING:Xst:2898 - Port 'input_number', unconnected in block instance 'muxOperB', is tied to GND.
WARNING:Xst:2898 - Port 'sel_operb', unconnected in block instance 'muxOperB', is tied to GND.
WARNING:Xst:2898 - Port 'alu_fun', unconnected in block instance 'alu_unit', is tied to GND.
WARNING:Xst:647 - Input <reset> is never used. This port will be preserved and left unconnected if it belongs to a top-level block or it belongs to a sub-block and the hierarchy of this sub-block is preserved.
INFO:Xst:3210 - "D:\FPGA\P4-TD\Proyecto4\MIPS.v" line 56: Output port <output_dir> of the instance <muxSelDir> is unconnected or connected to loadless signal.
INFO:Xst:3210 - "D:\FPGA\P4-TD\Proyecto4\MIPS.v" line 63: Output port <jumpAddress> of the instance <regInst_unit> is unconnected or connected to loadless signal.
INFO:Xst:3210 - "D:\FPGA\P4-TD\Proyecto4\MIPS.v" line 63: Output port <opcode> of the instance <regInst_unit> is unconnected or connected to loadless signal.
INFO:Xst:3210 - "D:\FPGA\P4-TD\Proyecto4\MIPS.v" line 63: Output port <funct> of the instance <regInst_unit> is unconnected or connected to loadless signal.
INFO:Xst:3210 - "D:\FPGA\P4-TD\Proyecto4\MIPS.v" line 63: Output port <rs> of the instance <regInst_unit> is unconnected or connected to loadless signal.
INFO:Xst:3210 - "D:\FPGA\P4-TD\Proyecto4\MIPS.v" line 63: Output port <rt> of the instance <regInst_unit> is unconnected or connected to loadless signal.
INFO:Xst:3210 - "D:\FPGA\P4-TD\Proyecto4\MIPS.v" line 63: Output port <rd> of the instance <regInst_unit> is unconnected or connected to loadless signal.
INFO:Xst:3210 - "D:\FPGA\P4-TD\Proyecto4\MIPS.v" line 63: Output port <immediate> of the instance <regInst_unit> is unconnected or connected to loadless signal.
INFO:Xst:3210 - "D:\FPGA\P4-TD\Proyecto4\MIPS.v" line 99: Output port <carry> of the instance <alu_unit> is unconnected or connected to loadless signal.
INFO:Xst:3210 - "D:\FPGA\P4-TD\Proyecto4\MIPS.v" line 99: Output port <zero> of the instance <alu_unit> is unconnected or connected to loadless signal.
INFO:Xst:3210 - "D:\FPGA\P4-TD\Proyecto4\MIPS.v" line 99: Output port <negative> of the instance <alu_unit> is unconnected or connected to loadless signal.
    Summary:
	no macro.
Unit <MIPS> synthesized.

=========================================================================
HDL Synthesis Report

Found no macro
=========================================================================

=========================================================================
*                       Advanced HDL Synthesis                          *
=========================================================================


=========================================================================
Advanced HDL Synthesis Report

Found no macro
=========================================================================

=========================================================================
*                         Low Level Synthesis                           *
=========================================================================

Optimizing unit <MIPS> ...

Mapping all equations...
Building and optimizing final netlist ...
Found area constraint ratio of 100 (+ 5) on block MIPS, actual ratio is 0.

Final Macro Processing ...

=========================================================================
Final Register Report

Found no macro
=========================================================================

=========================================================================
*                           Partition Report                            *
=========================================================================

Partition Implementation Status
-------------------------------

  No Partitions were found in this design.

-------------------------------

=========================================================================
*                            Design Summary                             *
=========================================================================

Top Level Output File Name         : MIPS.ngc

Primitive and Black Box Usage:
------------------------------

Device utilization summary:
---------------------------

Selected Device : 6slx16csg324-3 


Slice Logic Utilization: 

Slice Logic Distribution: 
 Number of LUT Flip Flop pairs used:      0
   Number with an unused Flip Flop:       0  out of      0         
   Number with an unused LUT:             0  out of      0         
   Number of fully used LUT-FF pairs:     0  out of      0         
   Number of unique control sets:         0

IO Utilization: 
 Number of IOs:                           2
 Number of bonded IOBs:                   0  out of    232     0%  

Specific Feature Utilization:

---------------------------
Partition Resource Summary:
---------------------------

  No Partitions were found in this design.

---------------------------


=========================================================================
Timing Report

NOTE: THESE TIMING NUMBERS ARE ONLY A SYNTHESIS ESTIMATE.
      FOR ACCURATE TIMING INFORMATION PLEASE REFER TO THE TRACE REPORT
      GENERATED AFTER PLACE-and-ROUTE.

Clock Information:
------------------
No clock signals found in this design

Asynchronous Control Signals Information:
----------------------------------------
No asynchronous control signals found in this design

Timing Summary:
---------------
Speed Grade: -3

   Minimum period: No path found
   Minimum input arrival time before clock: No path found
   Maximum output required time after clock: No path found
   Maximum combinational path delay: No path found

Timing Details:
---------------
All values displayed in nanoseconds (ns)

=========================================================================

Cross Clock Domains Report:
--------------------------

=========================================================================


Total REAL time to Xst completion: 17.00 secs
Total CPU time to Xst completion: 16.52 secs
 
--> 

Total memory usage is 282804 kilobytes

Number of errors   :    0 (   0 filtered)
Number of warnings :   43 (   0 filtered)
Number of infos    :   11 (   0 filtered)

