Command line:
   Desplazamiento_jumpAddress_tb_isim_beh.exe
     -simmode  gui
     -simrunnum  0
     -socket  64183

Wed May 24 11:54:52 2017


 Elaboration Time: 0.078125 sec

 Current Memory Usage: 845.812 Meg

 Total Signals          : 16
 Total Nets             : 67
 Total Signal Drivers   : 7
 Total Blocks           : 3
 Total Primitive Blocks : 2
 Total Processes        : 9
 Total Traceable Variables  : 19
 Total Scalar Nets and Variables : 173
Total Line Count : 22

 Total Simulation Time: 0.125 sec

 Current Memory Usage: 845.812 Meg

Wed May 24 11:55:09 2017

