Command line:
   MIPS_tb_isim_beh.exe
     -simmode  gui
     -simrunnum  0
     -socket  53445

Fri Jun 02 16:45:19 2017


 Elaboration Time: 0.078125 sec

 Current Memory Usage: 845.791 Meg

 Total Signals          : 132
 Total Nets             : 812
 Total Signal Drivers   : 49
 Total Blocks           : 22
 Total Primitive Blocks : 20
 Total Processes        : 74
 Total Traceable Variables  : 76
 Total Scalar Nets and Variables : 2536
Total Line Count : 219

 Total Simulation Time: 0.140625 sec

 Current Memory Usage: 845.791 Meg

Fri Jun 02 16:45:33 2017

