#-----------------------------------------------------------
# PlanAhead v14.7
# Build 321239 by xbuild on Fri Sep 27 19:31:35 MDT 2013
# Start of session at: Wed Jun 07 10:30:27 2017
# Process ID: 14036
# Log file: D:/FPGA/P4-TD/Proyecto4/planAhead_run_2/planAhead.log
# Journal file: D:/FPGA/P4-TD/Proyecto4/planAhead_run_2/planAhead.jou
#-----------------------------------------------------------
INFO: [Common 17-78] Attempting to get a license: PlanAhead
INFO: [Common 17-290] Got license for PlanAhead
INFO: [Device 21-36] Loading parts and site information from C:/Xilinx/14.7/ISE_DS/PlanAhead/data/parts/arch.xml
Parsing RTL primitives file [C:/Xilinx/14.7/ISE_DS/PlanAhead/data/parts/xilinx/rtl/prims/rtl_prims.xml]
Finished parsing RTL primitives file [C:/Xilinx/14.7/ISE_DS/PlanAhead/data/parts/xilinx/rtl/prims/rtl_prims.xml]
start_gui
source D:/FPGA/P4-TD/Proyecto4/pa.fromHdl.tcl
# create_project -name Proyecto4 -dir "D:/FPGA/P4-TD/Proyecto4/planAhead_run_2" -part xc6slx16csg324-3
create_project: Time (s): elapsed = 00:00:06 . Memory (MB): peak = 371.434 ; gain = 29.355
# set_param project.pinAheadLayout yes
# set srcset [get_property srcset [current_run -impl]]
# set_property target_constrs_file "main.ucf" [current_fileset -constrset]
Adding file 'D:/FPGA/P4-TD/Proyecto4/main.ucf' to fileset 'constrs_1'
# set hdlfile [add_files [list {debouncer.v}]]
# set_property file_type Verilog $hdlfile
# set_property library work $hdlfile
# set hdlfile [add_files [list {seg7decimal.v}]]
# set_property file_type Verilog $hdlfile
# set_property library work $hdlfile
# set hdlfile [add_files [list {keyboard_receiver.v}]]
# set_property file_type Verilog $hdlfile
# set_property library work $hdlfile
# set hdlfile [add_files [list {main.v}]]
# set_property file_type Verilog $hdlfile
# set_property library work $hdlfile
# set_property top main $srcset
# add_files [list {main.ucf}] -fileset [get_property constrset [current_run]]
# open_rtl_design -part xc6slx16csg324-3
Using Verific elaboration
Parsing VHDL file "C:/Xilinx/14.7/ISE_DS/PlanAhead/data/parts/xilinx/rtl/lib/synplify/synattr.vhd" into library synplify
Analyzing Verilog file "D:/FPGA/P4-TD/Proyecto4/debouncer.v" into library work
Analyzing Verilog file "D:/FPGA/P4-TD/Proyecto4/seg7decimal.v" into library work
Analyzing Verilog file "D:/FPGA/P4-TD/Proyecto4/keyboard_receiver.v" into library work
Analyzing Verilog file "D:/FPGA/P4-TD/Proyecto4/main.v" into library work
Loading clock regions from C:/Xilinx/14.7/ISE_DS/PlanAhead/data\parts/xilinx/spartan6/spartan6lx/xc6slx16/ClockRegion.xml
Loading clock buffers from C:/Xilinx/14.7/ISE_DS/PlanAhead/data\parts/xilinx/spartan6/spartan6lx/xc6slx16/ClockBuffers.xml
Loading package pin functions from C:/Xilinx/14.7/ISE_DS/PlanAhead/data\parts/xilinx/spartan6/PinFunctions.xml...
Loading package from C:/Xilinx/14.7/ISE_DS/PlanAhead/data\parts/xilinx/spartan6/spartan6lx/xc6slx16/csg324/Package.xml
Loading io standards from C:/Xilinx/14.7/ISE_DS/PlanAhead/data\./parts/xilinx/spartan6/IOStandards.xml
Loading device configuration modes from C:/Xilinx/14.7/ISE_DS/PlanAhead/data\parts/xilinx/spartan6/ConfigModes.xml
Loading list of drcs for the architecture : C:/Xilinx/14.7/ISE_DS/PlanAhead/data\./parts/xilinx/spartan6/drc.xml
Parsing UCF File [D:/FPGA/P4-TD/Proyecto4/main.ucf]
Finished Parsing UCF File [D:/FPGA/P4-TD/Proyecto4/main.ucf]
INFO: [Project 1-111] Unisim Transformation Summary:
No Unisim elements were transformed.

Phase 0 | Netlist Checksum: e5977adf
open_rtl_design: Time (s): elapsed = 00:00:23 . Memory (MB): peak = 482.969 ; gain = 93.816
update_compile_order -fileset sim_1
set_property iostandard LVCMOS33 [get_ports [list kclk]]
startgroup
set_property package_pin H2 [get_ports kclk]
endgroup
set_property iostandard LVCMOS33 [get_ports [list kdata]]
startgroup
set_property package_pin F6 [get_ports kdata]
endgroup
set_property iostandard LVCMOS33 [get_ports [list {an[7]} {an[6]} {an[5]} {an[4]} {an[3]} {an[2]} {an[1]} {an[0]}]]
startgroup
set_property package_pin M13 [get_ports {an[7]}]
endgroup
startgroup
set_property package_pin L14 [get_ports {an[6]}]
endgroup
startgroup
set_property package_pin N14 [get_ports {an[5]}]
endgroup
startgroup
set_property package_pin M14 [get_ports {an[4]}]
endgroup
startgroup
set_property package_pin U18 [get_ports {an[3]}]
endgroup
startgroup
set_property package_pin U1 [get_ports {an[2]}]
endgroup
startgroup
set_property package_pin U17 [get_ports {an[2]}]
endgroup
startgroup
set_property package_pin T18 [get_ports {an[1]}]
endgroup
startgroup
set_property package_pin T17 [get_ports {an[0]}]
endgroup
exit
ERROR: [PlanAhead 12-106] *** Exception: ui.h.b: Found deleted key in HTclEventBroker. Verify if the classes listed here call cleanup()
HTclEvent: DEBUG_PORT_CONFIG_CHANGE   Classes: ui.views.aR 
HTclEvent: DEBUG_CORE_CONFIG_CHANGE   Classes: ui.views.aR 
HTclEvent: SIGNAL_BUS_MODIFY   Classes: ui.views.aR 
HTclEvent: SIGNAL_MODIFY   Classes: ui.views.aR 
 (See D:/FPGA/P4-TD/Proyecto4\planAhead_pid14036.debug)
ERROR: [Common 17-39] 'stop_gui' failed due to earlier errors.
INFO: [Common 17-206] Exiting PlanAhead at Wed Jun 07 10:35:46 2017...
INFO: [Common 17-83] Releasing license: PlanAhead
