Command line:
   alu_tb_isim_beh.exe
     -simmode  gui
     -simrunnum  0
     -socket  61749

Fri May 26 16:40:23 2017


 Elaboration Time: 0.078125 sec

 Current Memory Usage: 845.779 Meg

 Total Signals          : 24
 Total Nets             : 31
 Total Signal Drivers   : 12
 Total Blocks           : 3
 Total Primitive Blocks : 2
 Total Processes        : 15
 Total Traceable Variables  : 32
 Total Scalar Nets and Variables : 180
Total Line Count : 90

 Total Simulation Time: 0.4375 sec

 Current Memory Usage: 688.493 Meg

Fri May 26 16:42:31 2017

