Command line:
   Memoria_tb_isim_beh.exe
     -simmode  gui
     -simrunnum  0
     -socket  59012

Wed May 31 21:50:55 2017


 Elaboration Time: 0.09375 sec

 Current Memory Usage: 845.758 Meg

 Total Signals          : 20
 Total Nets             : 112
 Total Signal Drivers   : 11
 Total Blocks           : 3
 Total Primitive Blocks : 2
 Total Processes        : 17
 Total Traceable Variables  : 30
 Total Scalar Nets and Variables : 2449
Total Line Count : 59

 Total Simulation Time: 0.234375 sec

 Current Memory Usage: 845.758 Meg

Wed May 31 21:51:10 2017

